# JRE version: OpenJDK Runtime Environment (8.0_201-b09) (build 1.8.0_201-b09)
# Java VM: OpenJDK 64-Bit Server VM (25.201-b09 mixed mode linux-amd64 compressed oops)
Heap:
 def new generation   total 127040K, used 12923K [0x00000000c0000000, 0x00000000c89d0000, 0x00000000d5550000)
  eden space 112960K,  11% used [0x00000000c0000000, 0x00000000c0c9ee20, 0x00000000c6e50000)
  from space 14080K,   0% used [0x00000000c6e50000, 0x00000000c6e50000, 0x00000000c7c10000)
  to   space 14080K,   0% used [0x00000000c7c10000, 0x00000000c7c10000, 0x00000000c89d0000)
 tenured generation   total 289676K, used 289604K [0x00000000d5550000, 0x00000000e7033000, 0x0000000100000000)
   the space 289676K,  99% used [0x00000000d5550000, 0x00000000e70210b8, 0x00000000e7021200, 0x00000000e7033000)
 Metaspace       used 3814K, capacity 4856K, committed 5120K, reserved 1056768K
  class space    used 342K, capacity 424K, committed 512K, reserved 1048576K
GC Heap History (129 events):
Event: 0.194 GC heap before
{Heap before GC invocations=0 (full 0):
 def new generation   total 4928K, used 3900K [0x00000000c0000000, 0x00000000c0550000, 0x00000000d5550000)
  eden space 4416K,  88% used [0x00000000c0000000, 0x00000000c03cf248, 0x00000000c0450000)
  from space 512K,   0% used [0x00000000c0450000, 0x00000000c0450000, 0x00000000c04d0000)
  to   space 512K,   0% used [0x00000000c04d0000, 0x00000000c04d0000, 0x00000000c0550000)
 tenured generation   total 10944K, used 0K [0x00000000d5550000, 0x00000000d6000000, 0x0000000100000000)
   the space 10944K,   0% used [0x00000000d5550000, 0x00000000d5550000, 0x00000000d5550200, 0x00000000d6000000)
 Metaspace       used 3304K, capacity 4664K, committed 4864K, reserved 1056768K
  class space    used 322K, capacity 424K, committed 512K, reserved 1048576K
Event: 0.201 GC heap after
Heap after GC invocations=1 (full 0):
 def new generation   total 4928K, used 512K [0x00000000c0000000, 0x00000000c0550000, 0x00000000d5550000)
  eden space 4416K,   0% used [0x00000000c0000000, 0x00000000c0000000, 0x00000000c0450000)
  from space 512K, 100% used [0x00000000c04d0000, 0x00000000c0550000, 0x00000000c0550000)
  to   space 512K,   0% used [0x00000000c0450000, 0x00000000c0450000, 0x00000000c04d0000)
 tenured generation   total 10944K, used 1933K [0x00000000d5550000, 0x00000000d6000000, 0x0000000100000000)
   the space 10944K,  17% used [0x00000000d5550000, 0x00000000d5733520, 0x00000000d5733600, 0x00000000d6000000)
 Metaspace       used 3304K, capacity 4664K, committed 4864K, reserved 1056768K
  class space    used 322K, capacity 424K, committed 512K, reserved 1048576K
}
Event: 0.224 GC heap before
{Heap before GC invocations=1 (full 0):
 def new generation   total 4928K, used 3798K [0x00000000c0000000, 0x00000000c0550000, 0x00000000d5550000)
  eden space 4416K,  74% used [0x00000000c0000000, 0x00000000c0335808, 0x00000000c0450000)
  from space 512K, 100% used [0x00000000c04d0000, 0x00000000c0550000, 0x00000000c0550000)
  to   space 512K,   0% used [0x00000000c0450000, 0x00000000c0450000, 0x00000000c04d0000)
 tenured generation   total 10944K, used 1933K [0x00000000d5550000, 0x00000000d6000000, 0x0000000100000000)
   the space 10944K,  17% used [0x00000000d5550000, 0x00000000d5733520, 0x00000000d5733600, 0x00000000d6000000)
 Metaspace       used 3414K, capacity 4728K, committed 4864K, reserved 1056768K
  class space    used 329K, capacity 424K, committed 512K, reserved 1048576K
Event: 0.231 GC heap after
Heap after GC invocations=2 (full 0):
 def new generation   total 4928K, used 432K [0x00000000c0000000, 0x00000000c0550000, 0x00000000d5550000)
  eden space 4416K,   0% used [0x00000000c0000000, 0x00000000c0000000, 0x00000000c0450000)
  from space 512K,  84% used [0x00000000c0450000, 0x00000000c04bc2c0, 0x00000000c04d0000)
  to   space 512K,   0% used [0x00000000c04d0000, 0x00000000c04d0000, 0x00000000c0550000)
 tenured generation   total 10944K, used 5023K [0x00000000d5550000, 0x00000000d6000000, 0x0000000100000000)
   the space 10944K,  45% used [0x00000000d5550000, 0x00000000d5a37d18, 0x00000000d5a37e00, 0x00000000d6000000)
 Metaspace       used 3414K, capacity 4728K, committed 4864K, reserved 1056768K
  class space    used 329K, capacity 424K, committed 512K, reserved 1048576K
}
Event: 0.320 GC heap before
{Heap before GC invocations=2 (full 0):
 def new generation   total 4928K, used 4848K [0x00000000c0000000, 0x00000000c0550000, 0x00000000d5550000)
  eden space 4416K, 100% used [0x00000000c0000000, 0x00000000c0450000, 0x00000000c0450000)
  from space 512K,  84% used [0x00000000c0450000, 0x00000000c04bc2c0, 0x00000000c04d0000)
  to   space 512K,   0% used [0x00000000c04d0000, 0x00000000c04d0000, 0x00000000c0550000)
 tenured generation   total 10944K, used 5023K [0x00000000d5550000, 0x00000000d6000000, 0x0000000100000000)
   the space 10944K,  45% used [0x00000000d5550000, 0x00000000d5a37d18, 0x00000000d5a37e00, 0x00000000d6000000)
 Metaspace       used 3478K, capacity 4792K, committed 5120K, reserved 1056768K
  class space    used 330K, capacity 424K, committed 512K, reserved 1048576K
Event: 0.324 GC heap after
Heap after GC invocations=3 (full 0):
 def new generation   total 4928K, used 313K [0x00000000c0000000, 0x00000000c0550000, 0x00000000d5550000)
  eden space 4416K,   0% used [0x00000000c0000000, 0x00000000c0000000, 0x00000000c0450000)
  from space 512K,  61% used [0x00000000c04d0000, 0x00000000c051e658, 0x00000000c0550000)
  to   space 512K,   0% used [0x00000000c0450000, 0x00000000c0450000, 0x00000000c04d0000)
 tenured generation   total 10944K, used 7439K [0x00000000d5550000, 0x00000000d6000000, 0x0000000100000000)
   the space 10944K,  67% used [0x00000000d5550000, 0x00000000d5c93f40, 0x00000000d5c94000, 0x00000000d6000000)
 Metaspace       used 3478K, capacity 4792K, committed 5120K, reserved 1056768K
  class space    used 330K, capacity 424K, committed 512K, reserved 1048576K
}
Event: 0.359 GC heap before
{Heap before GC invocations=3 (full 0):
 def new generation   total 4928K, used 4729K [0x00000000c0000000, 0x00000000c0550000, 0x00000000d5550000)
  eden space 4416K, 100% used [0x00000000c0000000, 0x00000000c0450000, 0x00000000c0450000)
  from space 512K,  61% used [0x00000000c04d0000, 0x00000000c051e658, 0x00000000c0550000)
  to   space 512K,   0% used [0x00000000c0450000, 0x00000000c0450000, 0x00000000c04d0000)
 tenured generation   total 10944K, used 7439K [0x00000000d5550000, 0x00000000d6000000, 0x0000000100000000)
   the space 10944K,  67% used [0x00000000d5550000, 0x00000000d5c93f40, 0x00000000d5c94000, 0x00000000d6000000)
 Metaspace       used 3478K, capacity 4792K, committed 5120K, reserved 1056768K
  class space    used 330K, capacity 424K, committed 512K, reserved 1048576K
Event: 0.361 GC heap after
Heap after GC invocations=4 (full 0):
 def new generation   total 4928K, used 505K [0x00000000c0000000, 0x00000000c0550000, 0x00000000d5550000)
  eden space 4416K,   0% used [0x00000000c0000000, 0x00000000c0000000, 0x00000000c0450000)
  from space 512K,  98% used [0x00000000c0450000, 0x00000000c04ce6d0, 0x00000000c04d0000)
  to   space 512K,   0% used [0x00000000c04d0000, 0x00000000c04d0000, 0x00000000c0550000)
 tenured generation   total 10944K, used 7749K [0x00000000d5550000, 0x00000000d6000000, 0x0000000100000000)
   the space 10944K,  70% used [0x00000000d5550000, 0x00000000d5ce1450, 0x00000000d5ce1600, 0x00000000d6000000)
 Metaspace       used 3478K, capacity 4792K, committed 5120K, reserved 1056768K
  class space    used 330K, capacity 424K, committed 512K, reserved 1048576K
}
Event: 0.393 GC heap before
{Heap before GC invocations=4 (full 0):
 def new generation   total 4928K, used 4921K [0x00000000c0000000, 0x00000000c0550000, 0x00000000d5550000)
  eden space 4416K, 100% used [0x00000000c0000000, 0x00000000c0450000, 0x00000000c0450000)
  from space 512K,  98% used [0x00000000c0450000, 0x00000000c04ce6d0, 0x00000000c04d0000)
  to   space 512K,   0% used [0x00000000c04d0000, 0x00000000c04d0000, 0x00000000c0550000)
 tenured generation   total 10944K, used 7749K [0x00000000d5550000, 0x00000000d6000000, 0x0000000100000000)
   the space 10944K,  70% used [0x00000000d5550000, 0x00000000d5ce1450, 0x00000000d5ce1600, 0x00000000d6000000)
 Metaspace       used 3478K, capacity 4792K, committed 5120K, reserved 1056768K
  class space    used 330K, capacity 424K, committed 512K, reserved 1048576K
Event: 0.396 GC heap after
Heap after GC invocations=5 (full 0):
 def new generation   total 4928K, used 478K [0x00000000c0000000, 0x00000000c0550000, 0x00000000d5550000)
  eden space 4416K,   0% used [0x00000000c0000000, 0x00000000c0000000, 0x00000000c0450000)
  from space 512K,  93% used [0x00000000c04d0000, 0x00000000c0547a10, 0x00000000c0550000)
  to   space 512K,   0% used [0x00000000c0450000, 0x00000000c0450000, 0x00000000c04d0000)
 tenured generation   total 10944K, used 8254K [0x00000000d5550000, 0x00000000d6000000, 0x0000000100000000)
   the space 10944K,  75% used [0x00000000d5550000, 0x00000000d5d5f960, 0x00000000d5d5fa00, 0x00000000d6000000)
 Metaspace       used 3478K, capacity 4792K, committed 5120K, reserved 1056768K
  class space    used 330K, capacity 424K, committed 512K, reserved 1048576K
}
Event: 0.429 GC heap before
{Heap before GC invocations=5 (full 0):
 def new generation   total 4928K, used 4894K [0x00000000c0000000, 0x00000000c0550000, 0x00000000d5550000)
  eden space 4416K, 100% used [0x00000000c0000000, 0x00000000c0450000, 0x00000000c0450000)
  from space 512K,  93% used [0x00000000c04d0000, 0x00000000c0547a10, 0x00000000c0550000)
  to   space 512K,   0% used [0x00000000c0450000, 0x00000000c0450000, 0x00000000c04d0000)
 tenured generation   total 10944K, used 8254K [0x00000000d5550000, 0x00000000d6000000, 0x0000000100000000)
   the space 10944K,  75% used [0x00000000d5550000, 0x00000000d5d5f960, 0x00000000d5d5fa00, 0x00000000d6000000)
 Metaspace       used 3480K, capacity 4792K, committed 5120K, reserved 1056768K
  class space    used 330K, capacity 424K, committed 512K, reserved 1048576K
Event: 0.432 GC heap after
Heap after GC invocations=6 (full 0):
 def new generation   total 4928K, used 480K [0x00000000c0000000, 0x00000000c0550000, 0x00000000d5550000)
  eden space 4416K,   0% used [0x00000000c0000000, 0x00000000c0000000, 0x00000000c0450000)
  from space 512K,  93% used [0x00000000c0450000, 0x00000000c04c8200, 0x00000000c04d0000)
  to   space 512K,   0% used [0x00000000c04d0000, 0x00000000c04d0000, 0x00000000c0550000)
 tenured generation   total 10944K, used 8732K [0x00000000d5550000, 0x00000000d6000000, 0x0000000100000000)
   the space 10944K,  79% used [0x00000000d5550000, 0x00000000d5dd7220, 0x00000000d5dd7400, 0x00000000d6000000)
 Metaspace       used 3480K, capacity 4792K, committed 5120K, reserved 1056768K
  class space    used 330K, capacity 424K, committed 512K, reserved 1048576K
}
Event: 0.463 GC heap before
{Heap before GC invocations=6 (full 0):
 def new generation   total 4928K, used 4896K [0x00000000c0000000, 0x00000000c0550000, 0x00000000d5550000)
  eden space 4416K, 100% used [0x00000000c0000000, 0x00000000c0450000, 0x00000000c0450000)
  from space 512K,  93% used [0x00000000c0450000, 0x00000000c04c8200, 0x00000000c04d0000)
  to   space 512K,   0% used [0x00000000c04d0000, 0x00000000c04d0000, 0x00000000c0550000)
 tenured generation   total 10944K, used 8732K [0x00000000d5550000, 0x00000000d6000000, 0x0000000100000000)
   the space 10944K,  79% used [0x00000000d5550000, 0x00000000d5dd7220, 0x00000000d5dd7400, 0x00000000d6000000)
 Metaspace       used 3481K, capacity 4792K, committed 5120K, reserved 1056768K
  class space    used 330K, capacity 424K, committed 512K, reserved 1048576K
Event: 0.466 GC heap after
Heap after GC invocations=7 (full 0):
 def new generation   total 4928K, used 478K [0x00000000c0000000, 0x00000000c0550000, 0x00000000d5550000)
  eden space 4416K,   0% used [0x00000000c0000000, 0x00000000c0000000, 0x00000000c0450000)
  from space 512K,  93% used [0x00000000c04d0000, 0x00000000c0547910, 0x00000000c0550000)
  to   space 512K,   0% used [0x00000000c0450000, 0x00000000c0450000, 0x00000000c04d0000)
 tenured generation   total 10944K, used 9212K [0x00000000d5550000, 0x00000000d6000000, 0x0000000100000000)
   the space 10944K,  84% used [0x00000000d5550000, 0x00000000d5e4f2a0, 0x00000000d5e4f400, 0x00000000d6000000)
 Metaspace       used 3481K, capacity 4792K, committed 5120K, reserved 1056768K
  class space    used 330K, capacity 424K, committed 512K, reserved 1048576K
}
Event: 0.500 GC heap before
{Heap before GC invocations=7 (full 0):
 def new generation   total 4928K, used 4894K [0x00000000c0000000, 0x00000000c0550000, 0x00000000d5550000)
  eden space 4416K, 100% used [0x00000000c0000000, 0x00000000c0450000, 0x00000000c0450000)
  from space 512K,  93% used [0x00000000c04d0000, 0x00000000c0547910, 0x00000000c0550000)
  to   space 512K,   0% used [0x00000000c0450000, 0x00000000c0450000, 0x00000000c04d0000)
 tenured generation   total 10944K, used 9212K [0x00000000d5550000, 0x00000000d6000000, 0x0000000100000000)
   the space 10944K,  84% used [0x00000000d5550000, 0x00000000d5e4f2a0, 0x00000000d5e4f400, 0x00000000d6000000)
 Metaspace       used 3488K, capacity 4792K, committed 5120K, reserved 1056768K
  class space    used 330K, capacity 424K, committed 512K, reserved 1048576K
Event: 0.503 GC heap after
Heap after GC invocations=8 (full 0):
 def new generation   total 4928K, used 479K [0x00000000c0000000, 0x00000000c0550000, 0x00000000d5550000)
  eden space 4416K,   0% used [0x00000000c0000000, 0x00000000c0000000, 0x00000000c0450000)
  from space 512K,  93% used [0x00000000c0450000, 0x00000000c04c7c38, 0x00000000c04d0000)
  to   space 512K,   0% used [0x00000000c04d0000, 0x00000000c04d0000, 0x00000000c0550000)
 tenured generation   total 10944K, used 9690K [0x00000000d5550000, 0x00000000d6000000, 0x0000000100000000)
   the space 10944K,  88% used [0x00000000d5550000, 0x00000000d5ec6a58, 0x00000000d5ec6c00, 0x00000000d6000000)
 Metaspace       used 3488K, capacity 4792K, committed 5120K, reserved 1056768K
  class space    used 330K, capacity 424K, committed 512K, reserved 1048576K
}
Event: 0.536 GC heap before
{Heap before GC invocations=8 (full 0):
 def new generation   total 4928K, used 4895K [0x00000000c0000000, 0x00000000c0550000, 0x00000000d5550000)
  eden space 4416K, 100% used [0x00000000c0000000, 0x00000000c0450000, 0x00000000c0450000)
  from space 512K,  93% used [0x00000000c0450000, 0x00000000c04c7c38, 0x00000000c04d0000)
  to   space 512K,   0% used [0x00000000c04d0000, 0x00000000c04d0000, 0x00000000c0550000)
 tenured generation   total 10944K, used 9690K [0x00000000d5550000, 0x00000000d6000000, 0x0000000100000000)
   the space 10944K,  88% used [0x00000000d5550000, 0x00000000d5ec6a58, 0x00000000d5ec6c00, 0x00000000d6000000)
 Metaspace       used 3491K, capacity 4792K, committed 5120K, reserved 1056768K
  class space    used 330K, capacity 424K, committed 512K, reserved 1048576K
Event: 0.539 GC heap after
Heap after GC invocations=9 (full 0):
 def new generation   total 4928K, used 476K [0x00000000c0000000, 0x00000000c0550000, 0x00000000d5550000)
  eden space 4416K,   0% used [0x00000000c0000000, 0x00000000c0000000, 0x00000000c0450000)
  from space 512K,  93% used [0x00000000c04d0000, 0x00000000c0547218, 0x00000000c0550000)
  to   space 512K,   0% used [0x00000000c0450000, 0x00000000c0450000, 0x00000000c04d0000)
 tenured generation   total 10944K, used 10169K [0x00000000d5550000, 0x00000000d6000000, 0x0000000100000000)
   the space 10944K,  92% used [0x00000000d5550000, 0x00000000d5f3e448, 0x00000000d5f3e600, 0x00000000d6000000)
 Metaspace       used 3491K, capacity 4792K, committed 5120K, reserved 1056768K
  class space    used 330K, capacity 424K, committed 512K, reserved 1048576K
}
Event: 0.572 GC heap before
{Heap before GC invocations=9 (full 0):
 def new generation   total 4928K, used 4892K [0x00000000c0000000, 0x00000000c0550000, 0x00000000d5550000)
  eden space 4416K, 100% used [0x00000000c0000000, 0x00000000c0450000, 0x00000000c0450000)
  from space 512K,  93% used [0x00000000c04d0000, 0x00000000c0547218, 0x00000000c0550000)
  to   space 512K,   0% used [0x00000000c0450000, 0x00000000c0450000, 0x00000000c04d0000)
 tenured generation   total 10944K, used 10169K [0x00000000d5550000, 0x00000000d6000000, 0x0000000100000000)
   the space 10944K,  92% used [0x00000000d5550000, 0x00000000d5f3e448, 0x00000000d5f3e600, 0x00000000d6000000)
 Metaspace       used 3491K, capacity 4792K, committed 5120K, reserved 1056768K
  class space    used 330K, capacity 424K, committed 512K, reserved 1048576K
Event: 0.575 GC heap after
Heap after GC invocations=10 (full 0):
 def new generation   total 4928K, used 478K [0x00000000c0000000, 0x00000000c0550000, 0x00000000d5550000)
  eden space 4416K,   0% used [0x00000000c0000000, 0x00000000c0000000, 0x00000000c0450000)
  from space 512K,  93% used [0x00000000c0450000, 0x00000000c04c79b8, 0x00000000c04d0000)
  to   space 512K,   0% used [0x00000000c04d0000, 0x00000000c04d0000, 0x00000000c0550000)
 tenured generation   total 10944K, used 10645K [0x00000000d5550000, 0x00000000d6000000, 0x0000000100000000)
   the space 10944K,  97% used [0x00000000d5550000, 0x00000000d5fb5538, 0x00000000d5fb5600, 0x00000000d6000000)
 Metaspace       used 3491K, capacity 4792K, committed 5120K, reserved 1056768K
  class space    used 330K, capacity 424K, committed 512K, reserved 1048576K
}
Event: 0.605 GC heap before
{Heap before GC invocations=10 (full 0):
 def new generation   total 4928K, used 4894K [0x00000000c0000000, 0x00000000c0550000, 0x00000000d5550000)
  eden space 4416K, 100% used [0x00000000c0000000, 0x00000000c0450000, 0x00000000c0450000)
  from space 512K,  93% used [0x00000000c0450000, 0x00000000c04c79b8, 0x00000000c04d0000)
  to   space 512K,   0% used [0x00000000c04d0000, 0x00000000c04d0000, 0x00000000c0550000)
 tenured generation   total 10944K, used 10645K [0x00000000d5550000, 0x00000000d6000000, 0x0000000100000000)
   the space 10944K,  97% used [0x00000000d5550000, 0x00000000d5fb5538, 0x00000000d5fb5600, 0x00000000d6000000)
 Metaspace       used 3491K, capacity 4792K, committed 5120K, reserved 1056768K
  class space    used 330K, capacity 424K, committed 512K, reserved 1048576K
Event: 0.627 GC heap after
Heap after GC invocations=11 (full 1):
 def new generation   total 8448K, used 476K [0x00000000c0000000, 0x00000000c0920000, 0x00000000d5550000)
  eden space 7552K,   6% used [0x00000000c0000000, 0x00000000c0077030, 0x00000000c0760000)
  from space 896K,   0% used [0x00000000c0760000, 0x00000000c0760000, 0x00000000c0840000)
  to   space 896K,   0% used [0x00000000c0840000, 0x00000000c0840000, 0x00000000c0920000)
 tenured generation   total 18560K, used 11135K [0x00000000d5550000, 0x00000000d6770000, 0x0000000100000000)
   the space 18560K,  59% used [0x00000000d5550000, 0x00000000d602fff8, 0x00000000d6030000, 0x00000000d6770000)
 Metaspace       used 3491K, capacity 4792K, committed 5120K, reserved 1056768K
  class space    used 330K, capacity 424K, committed 512K, reserved 1048576K
}
Event: 0.676 GC heap before
{Heap before GC invocations=11 (full 1):
 def new generation   total 8448K, used 7552K [0x00000000c0000000, 0x00000000c0920000, 0x00000000d5550000)
  eden space 7552K, 100% used [0x00000000c0000000, 0x00000000c0760000, 0x00000000c0760000)
  from space 896K,   0% used [0x00000000c0760000, 0x00000000c0760000, 0x00000000c0840000)
  to   space 896K,   0% used [0x00000000c0840000, 0x00000000c0840000, 0x00000000c0920000)
 tenured generation   total 18560K, used 11135K [0x00000000d5550000, 0x00000000d6770000, 0x0000000100000000)
   the space 18560K,  59% used [0x00000000d5550000, 0x00000000d602fff8, 0x00000000d6030000, 0x00000000d6770000)
 Metaspace       used 3495K, capacity 4792K, committed 5120K, reserved 1056768K
  class space    used 330K, capacity 424K, committed 512K, reserved 1048576K
Event: 0.690 GC heap after
Heap after GC invocations=12 (full 1):
 def new generation   total 8448K, used 896K [0x00000000c0000000, 0x00000000c0920000, 0x00000000d5550000)
  eden space 7552K,   0% used [0x00000000c0000000, 0x00000000c0000000, 0x00000000c0760000)
  from space 896K, 100% used [0x00000000c0840000, 0x00000000c0920000, 0x00000000c0920000)
  to   space 896K,   0% used [0x00000000c0760000, 0x00000000c0760000, 0x00000000c0840000)
 tenured generation   total 18560K, used 11515K [0x00000000d5550000, 0x00000000d6770000, 0x0000000100000000)
   the space 18560K,  62% used [0x00000000d5550000, 0x00000000d608ed58, 0x00000000d608ee00, 0x00000000d6770000)
 Metaspace       used 3495K, capacity 4792K, committed 5120K, reserved 1056768K
  class space    used 330K, capacity 424K, committed 512K, reserved 1048576K
}
Event: 0.735 GC heap before
{Heap before GC invocations=12 (full 1):
 def new generation   total 8448K, used 8448K [0x00000000c0000000, 0x00000000c0920000, 0x00000000d5550000)
  eden space 7552K, 100% used [0x00000000c0000000, 0x00000000c0760000, 0x00000000c0760000)
  from space 896K, 100% used [0x00000000c0840000, 0x00000000c0920000, 0x00000000c0920000)
  to   space 896K,   0% used [0x00000000c0760000, 0x00000000c0760000, 0x00000000c0840000)
 tenured generation   total 18560K, used 11515K [0x00000000d5550000, 0x00000000d6770000, 0x0000000100000000)
   the space 18560K,  62% used [0x00000000d5550000, 0x00000000d608ed58, 0x00000000d608ee00, 0x00000000d6770000)
 Metaspace       used 3498K, capacity 4792K, committed 5120K, reserved 1056768K
  class space    used 330K, capacity 424K, committed 512K, reserved 1048576K
Event: 0.741 GC heap after
Heap after GC invocations=13 (full 1):
 def new generation   total 8448K, used 856K [0x00000000c0000000, 0x00000000c0920000, 0x00000000d5550000)
  eden space 7552K,   0% used [0x00000000c0000000, 0x00000000c0000000, 0x00000000c0760000)
  from space 896K,  95% used [0x00000000c0760000, 0x00000000c0836360, 0x00000000c0840000)
  to   space 896K,   0% used [0x00000000c0840000, 0x00000000c0840000, 0x00000000c0920000)
 tenured generation   total 18560K, used 12410K [0x00000000d5550000, 0x00000000d6770000, 0x0000000100000000)
   the space 18560K,  66% used [0x00000000d5550000, 0x00000000d616ebc0, 0x00000000d616ec00, 0x00000000d6770000)
 Metaspace       used 3498K, capacity 4792K, committed 5120K, reserved 1056768K
  class space    used 330K, capacity 424K, committed 512K, reserved 1048576K
}
Event: 0.779 GC heap before
{Heap before GC invocations=13 (full 1):
 def new generation   total 8448K, used 8408K [0x00000000c0000000, 0x00000000c0920000, 0x00000000d5550000)
  eden space 7552K, 100% used [0x00000000c0000000, 0x00000000c0760000, 0x00000000c0760000)
  from space 896K,  95% used [0x00000000c0760000, 0x00000000c0836360, 0x00000000c0840000)
  to   space 896K,   0% used [0x00000000c0840000, 0x00000000c0840000, 0x00000000c0920000)
 tenured generation   total 18560K, used 12410K [0x00000000d5550000, 0x00000000d6770000, 0x0000000100000000)
   the space 18560K,  66% used [0x00000000d5550000, 0x00000000d616ebc0, 0x00000000d616ec00, 0x00000000d6770000)
 Metaspace       used 3502K, capacity 4792K, committed 5120K, reserved 1056768K
  class space    used 330K, capacity 424K, committed 512K, reserved 1048576K
Event: 0.789 GC heap after
Heap after GC invocations=14 (full 1):
 def new generation   total 8448K, used 896K [0x00000000c0000000, 0x00000000c0920000, 0x00000000d5550000)
  eden space 7552K,   0% used [0x00000000c0000000, 0x00000000c0000000, 0x00000000c0760000)
  from space 896K, 100% used [0x00000000c0840000, 0x00000000c0920000, 0x00000000c0920000)
  to   space 896K,   0% used [0x00000000c0760000, 0x00000000c0760000, 0x00000000c0840000)
 tenured generation   total 18560K, used 13776K [0x00000000d5550000, 0x00000000d6770000, 0x0000000100000000)
   the space 18560K,  74% used [0x00000000d5550000, 0x00000000d62c43d8, 0x00000000d62c4400, 0x00000000d6770000)
 Metaspace       used 3502K, capacity 4792K, committed 5120K, reserved 1056768K
  class space    used 330K, capacity 424K, committed 512K, reserved 1048576K
}
Event: 0.811 GC heap before
{Heap before GC invocations=14 (full 1):
 def new generation   total 8448K, used 8448K [0x00000000c0000000, 0x00000000c0920000, 0x00000000d5550000)
  eden space 7552K, 100% used [0x00000000c0000000, 0x00000000c0760000, 0x00000000c0760000)
  from space 896K, 100% used [0x00000000c0840000, 0x00000000c0920000, 0x00000000c0920000)
  to   space 896K,   0% used [0x00000000c0760000, 0x00000000c0760000, 0x00000000c0840000)
 tenured generation   total 18560K, used 13776K [0x00000000d5550000, 0x00000000d6770000, 0x0000000100000000)
   the space 18560K,  74% used [0x00000000d5550000, 0x00000000d62c43d8, 0x00000000d62c4400, 0x00000000d6770000)
 Metaspace       used 3508K, capacity 4792K, committed 5120K, reserved 1056768K
  class space    used 330K, capacity 424K, committed 512K, reserved 1048576K
Event: 0.817 GC heap after
Heap after GC invocations=15 (full 1):
 def new generation   total 8448K, used 857K [0x00000000c0000000, 0x00000000c0920000, 0x00000000d5550000)
  eden space 7552K,   0% used [0x00000000c0000000, 0x00000000c0000000, 0x00000000c0760000)
  from space 896K,  95% used [0x00000000c0760000, 0x00000000c0836770, 0x00000000c0840000)
  to   space 896K,   0% used [0x00000000c0840000, 0x00000000c0840000, 0x00000000c0920000)
 tenured generation   total 18560K, used 14672K [0x00000000d5550000, 0x00000000d6770000, 0x0000000100000000)
   the space 18560K,  79% used [0x00000000d5550000, 0x00000000d63a4308, 0x00000000d63a4400, 0x00000000d6770000)
 Metaspace       used 3508K, capacity 4792K, committed 5120K, reserved 1056768K
  class space    used 330K, capacity 424K, committed 512K, reserved 1048576K
}
Event: 0.862 GC heap before
{Heap before GC invocations=15 (full 1):
 def new generation   total 8448K, used 8409K [0x00000000c0000000, 0x00000000c0920000, 0x00000000d5550000)
  eden space 7552K, 100% used [0x00000000c0000000, 0x00000000c0760000, 0x00000000c0760000)
  from space 896K,  95% used [0x00000000c0760000, 0x00000000c0836770, 0x00000000c0840000)
  to   space 896K,   0% used [0x00000000c0840000, 0x00000000c0840000, 0x00000000c0920000)
 tenured generation   total 18560K, used 14672K [0x00000000d5550000, 0x00000000d6770000, 0x0000000100000000)
   the space 18560K,  79% used [0x00000000d5550000, 0x00000000d63a4308, 0x00000000d63a4400, 0x00000000d6770000)
 Metaspace       used 3509K, capacity 4792K, committed 5120K, reserved 1056768K
  class space    used 330K, capacity 424K, committed 512K, reserved 1048576K
Event: 0.868 GC heap after
Heap after GC invocations=16 (full 1):
 def new generation   total 8448K, used 896K [0x00000000c0000000, 0x00000000c0920000, 0x00000000d5550000)
  eden space 7552K,   0% used [0x00000000c0000000, 0x00000000c0000000, 0x00000000c0760000)
  from space 896K, 100% used [0x00000000c0840000, 0x00000000c0920000, 0x00000000c0920000)
  to   space 896K,   0% used [0x00000000c0760000, 0x00000000c0760000, 0x00000000c0840000)
 tenured generation   total 18560K, used 15699K [0x00000000d5550000, 0x00000000d6770000, 0x0000000100000000)
   the space 18560K,  84% used [0x00000000d5550000, 0x00000000d64a4ef0, 0x00000000d64a5000, 0x00000000d6770000)
 Metaspace       used 3509K, capacity 4792K, committed 5120K, reserved 1056768K
  class space    used 330K, capacity 424K, committed 512K, reserved 1048576K
}
Event: 0.912 GC heap before
{Heap before GC invocations=16 (full 1):
 def new generation   total 8448K, used 8448K [0x00000000c0000000, 0x00000000c0920000, 0x00000000d5550000)
  eden space 7552K, 100% used [0x00000000c0000000, 0x00000000c0760000, 0x00000000c0760000)
  from space 896K, 100% used [0x00000000c0840000, 0x00000000c0920000, 0x00000000c0920000)
  to   space 896K,   0% used [0x00000000c0760000, 0x00000000c0760000, 0x00000000c0840000)
 tenured generation   total 18560K, used 15699K [0x00000000d5550000, 0x00000000d6770000, 0x0000000100000000)
   the space 18560K,  84% used [0x00000000d5550000, 0x00000000d64a4ef0, 0x00000000d64a5000, 0x00000000d6770000)
 Metaspace       used 3509K, capacity 4792K, committed 5120K, reserved 1056768K
  class space    used 330K, capacity 424K, committed 512K, reserved 1048576K
Event: 0.921 GC heap after
Heap after GC invocations=17 (full 1):
 def new generation   total 8448K, used 896K [0x00000000c0000000, 0x00000000c0920000, 0x00000000d5550000)
  eden space 7552K,   0% used [0x00000000c0000000, 0x00000000c0000000, 0x00000000c0760000)
  from space 896K, 100% used [0x00000000c0760000, 0x00000000c0840000, 0x00000000c0840000)
  to   space 896K,   0% used [0x00000000c0840000, 0x00000000c0840000, 0x00000000c0920000)
 tenured generation   total 18560K, used 16900K [0x00000000d5550000, 0x00000000d6770000, 0x0000000100000000)
   the space 18560K,  91% used [0x00000000d5550000, 0x00000000d65d10a0, 0x00000000d65d1200, 0x00000000d6770000)
 Metaspace       used 3509K, capacity 4792K, committed 5120K, reserved 1056768K
  class space    used 330K, capacity 424K, committed 512K, reserved 1048576K
}
Event: 0.965 GC heap before
{Heap before GC invocations=17 (full 1):
 def new generation   total 8448K, used 8448K [0x00000000c0000000, 0x00000000c0920000, 0x00000000d5550000)
  eden space 7552K, 100% used [0x00000000c0000000, 0x00000000c0760000, 0x00000000c0760000)
  from space 896K, 100% used [0x00000000c0760000, 0x00000000c0840000, 0x00000000c0840000)
  to   space 896K,   0% used [0x00000000c0840000, 0x00000000c0840000, 0x00000000c0920000)
 tenured generation   total 18560K, used 16900K [0x00000000d5550000, 0x00000000d6770000, 0x0000000100000000)
   the space 18560K,  91% used [0x00000000d5550000, 0x00000000d65d10a0, 0x00000000d65d1200, 0x00000000d6770000)
 Metaspace       used 3509K, capacity 4792K, committed 5120K, reserved 1056768K
  class space    used 330K, capacity 424K, committed 512K, reserved 1048576K
Event: 0.971 GC heap after
Heap after GC invocations=18 (full 1):
 def new generation   total 8448K, used 896K [0x00000000c0000000, 0x00000000c0920000, 0x00000000d5550000)
  eden space 7552K,   0% used [0x00000000c0000000, 0x00000000c0000000, 0x00000000c0760000)
  from space 896K, 100% used [0x00000000c0840000, 0x00000000c0920000, 0x00000000c0920000)
  to   space 896K,   0% used [0x00000000c0760000, 0x00000000c0760000, 0x00000000c0840000)
 tenured generation   total 18560K, used 18100K [0x00000000d5550000, 0x00000000d6770000, 0x0000000100000000)
   the space 18560K,  97% used [0x00000000d5550000, 0x00000000d66fd170, 0x00000000d66fd200, 0x00000000d6770000)
 Metaspace       used 3509K, capacity 4792K, committed 5120K, reserved 1056768K
  class space    used 330K, capacity 424K, committed 512K, reserved 1048576K
}
Event: 1.008 GC heap before
{Heap before GC invocations=18 (full 1):
 def new generation   total 8448K, used 8448K [0x00000000c0000000, 0x00000000c0920000, 0x00000000d5550000)
  eden space 7552K, 100% used [0x00000000c0000000, 0x00000000c0760000, 0x00000000c0760000)
  from space 896K, 100% used [0x00000000c0840000, 0x00000000c0920000, 0x00000000c0920000)
  to   space 896K,   0% used [0x00000000c0760000, 0x00000000c0760000, 0x00000000c0840000)
 tenured generation   total 18560K, used 18100K [0x00000000d5550000, 0x00000000d6770000, 0x0000000100000000)
   the space 18560K,  97% used [0x00000000d5550000, 0x00000000d66fd170, 0x00000000d66fd200, 0x00000000d6770000)
 Metaspace       used 3509K, capacity 4792K, committed 5120K, reserved 1056768K
  class space    used 330K, capacity 424K, committed 512K, reserved 1048576K
Event: 1.055 GC heap after
Heap after GC invocations=19 (full 2):
 def new generation   total 14528K, used 879K [0x00000000c0000000, 0x00000000c0fc0000, 0x00000000d5550000)
  eden space 12928K,   6% used [0x00000000c0000000, 0x00000000c00dbcf8, 0x00000000c0ca0000)
  from space 1600K,   0% used [0x00000000c0ca0000, 0x00000000c0ca0000, 0x00000000c0e30000)
  to   space 1600K,   0% used [0x00000000c0e30000, 0x00000000c0e30000, 0x00000000c0fc0000)
 tenured generation   total 32216K, used 19328K [0x00000000d5550000, 0x00000000d74c6000, 0x0000000100000000)
   the space 32216K,  59% used [0x00000000d5550000, 0x00000000d6830000, 0x00000000d6830000, 0x00000000d74c6000)
 Metaspace       used 3509K, capacity 4792K, committed 5120K, reserved 1056768K
  class space    used 330K, capacity 424K, committed 512K, reserved 1048576K
}
Event: 1.119 GC heap before
{Heap before GC invocations=19 (full 2):
 def new generation   total 14528K, used 12928K [0x00000000c0000000, 0x00000000c0fc0000, 0x00000000d5550000)
  eden space 12928K, 100% used [0x00000000c0000000, 0x00000000c0ca0000, 0x00000000c0ca0000)
  from space 1600K,   0% used [0x00000000c0ca0000, 0x00000000c0ca0000, 0x00000000c0e30000)
  to   space 1600K,   0% used [0x00000000c0e30000, 0x00000000c0e30000, 0x00000000c0fc0000)
 tenured generation   total 32216K, used 19328K [0x00000000d5550000, 0x00000000d74c6000, 0x0000000100000000)
   the space 32216K,  59% used [0x00000000d5550000, 0x00000000d6830000, 0x00000000d6830000, 0x00000000d74c6000)
 Metaspace       used 3510K, capacity 4792K, committed 5120K, reserved 1056768K
  class space    used 330K, capacity 424K, committed 512K, reserved 1048576K
Event: 1.149 GC heap after
Heap after GC invocations=20 (full 2):
 def new generation   total 14528K, used 1600K [0x00000000c0000000, 0x00000000c0fc0000, 0x00000000d5550000)
  eden space 12928K,   0% used [0x00000000c0000000, 0x00000000c0000000, 0x00000000c0ca0000)
  from space 1600K, 100% used [0x00000000c0e30000, 0x00000000c0fc0000, 0x00000000c0fc0000)
  to   space 1600K,   0% used [0x00000000c0ca0000, 0x00000000c0ca0000, 0x00000000c0e30000)
 tenured generation   total 32216K, used 20946K [0x00000000d5550000, 0x00000000d74c6000, 0x0000000100000000)
   the space 32216K,  65% used [0x00000000d5550000, 0x00000000d69c4a08, 0x00000000d69c4c00, 0x00000000d74c6000)
 Metaspace       used 3510K, capacity 4792K, committed 5120K, reserved 1056768K
  class space    used 330K, capacity 424K, committed 512K, reserved 1048576K
}
Event: 1.187 GC heap before
{Heap before GC invocations=20 (full 2):
 def new generation   total 14528K, used 14528K [0x00000000c0000000, 0x00000000c0fc0000, 0x00000000d5550000)
  eden space 12928K, 100% used [0x00000000c0000000, 0x00000000c0ca0000, 0x00000000c0ca0000)
  from space 1600K, 100% used [0x00000000c0e30000, 0x00000000c0fc0000, 0x00000000c0fc0000)
  to   space 1600K,   0% used [0x00000000c0ca0000, 0x00000000c0ca0000, 0x00000000c0e30000)
 tenured generation   total 32216K, used 20946K [0x00000000d5550000, 0x00000000d74c6000, 0x0000000100000000)
   the space 32216K,  65% used [0x00000000d5550000, 0x00000000d69c4a08, 0x00000000d69c4c00, 0x00000000d74c6000)
 Metaspace       used 3512K, capacity 4792K, committed 5120K, reserved 1056768K
  class space    used 330K, capacity 424K, committed 512K, reserved 1048576K
Event: 1.207 GC heap after
Heap after GC invocations=21 (full 2):
 def new generation   total 14528K, used 1600K [0x00000000c0000000, 0x00000000c0fc0000, 0x00000000d5550000)
  eden space 12928K,   0% used [0x00000000c0000000, 0x00000000c0000000, 0x00000000c0ca0000)
  from space 1600K, 100% used [0x00000000c0ca0000, 0x00000000c0e30000, 0x00000000c0e30000)
  to   space 1600K,   0% used [0x00000000c0e30000, 0x00000000c0e30000, 0x00000000c0fc0000)
 tenured generation   total 32216K, used 22801K [0x00000000d5550000, 0x00000000d74c6000, 0x0000000100000000)
   the space 32216K,  70% used [0x00000000d5550000, 0x00000000d6b94630, 0x00000000d6b94800, 0x00000000d74c6000)
 Metaspace       used 3512K, capacity 4792K, committed 5120K, reserved 1056768K
  class space    used 330K, capacity 424K, committed 512K, reserved 1048576K
}
Event: 1.267 GC heap before
{Heap before GC invocations=21 (full 2):
 def new generation   total 14528K, used 14528K [0x00000000c0000000, 0x00000000c0fc0000, 0x00000000d5550000)
  eden space 12928K, 100% used [0x00000000c0000000, 0x00000000c0ca0000, 0x00000000c0ca0000)
  from space 1600K, 100% used [0x00000000c0ca0000, 0x00000000c0e30000, 0x00000000c0e30000)
  to   space 1600K,   0% used [0x00000000c0e30000, 0x00000000c0e30000, 0x00000000c0fc0000)
 tenured generation   total 32216K, used 22801K [0x00000000d5550000, 0x00000000d74c6000, 0x0000000100000000)
   the space 32216K,  70% used [0x00000000d5550000, 0x00000000d6b94630, 0x00000000d6b94800, 0x00000000d74c6000)
 Metaspace       used 3512K, capacity 4792K, committed 5120K, reserved 1056768K
  class space    used 330K, capacity 424K, committed 512K, reserved 1048576K
Event: 1.280 GC heap after
Heap after GC invocations=22 (full 2):
 def new generation   total 14528K, used 1594K [0x00000000c0000000, 0x00000000c0fc0000, 0x00000000d5550000)
  eden space 12928K,   0% used [0x00000000c0000000, 0x00000000c0000000, 0x00000000c0ca0000)
  from space 1600K,  99% used [0x00000000c0e30000, 0x00000000c0fbe978, 0x00000000c0fc0000)
  to   space 1600K,   0% used [0x00000000c0ca0000, 0x00000000c0ca0000, 0x00000000c0e30000)
 tenured generation   total 32216K, used 24401K [0x00000000d5550000, 0x00000000d74c6000, 0x0000000100000000)
   the space 32216K,  75% used [0x00000000d5550000, 0x00000000d6d24400, 0x00000000d6d24400, 0x00000000d74c6000)
 Metaspace       used 3512K, capacity 4792K, committed 5120K, reserved 1056768K
  class space    used 330K, capacity 424K, committed 512K, reserved 1048576K
}
Event: 1.311 GC heap before
{Heap before GC invocations=22 (full 2):
 def new generation   total 14528K, used 14522K [0x00000000c0000000, 0x00000000c0fc0000, 0x00000000d5550000)
  eden space 12928K, 100% used [0x00000000c0000000, 0x00000000c0ca0000, 0x00000000c0ca0000)
  from space 1600K,  99% used [0x00000000c0e30000, 0x00000000c0fbe978, 0x00000000c0fc0000)
  to   space 1600K,   0% used [0x00000000c0ca0000, 0x00000000c0ca0000, 0x00000000c0e30000)
 tenured generation   total 32216K, used 24401K [0x00000000d5550000, 0x00000000d74c6000, 0x0000000100000000)
   the space 32216K,  75% used [0x00000000d5550000, 0x00000000d6d24400, 0x00000000d6d24400, 0x00000000d74c6000)
 Metaspace       used 3512K, capacity 4792K, committed 5120K, reserved 1056768K
  class space    used 330K, capacity 424K, committed 512K, reserved 1048576K
Event: 1.319 GC heap after
Heap after GC invocations=23 (full 2):
 def new generation   total 14528K, used 1589K [0x00000000c0000000, 0x00000000c0fc0000, 0x00000000d5550000)
  eden space 12928K,   0% used [0x00000000c0000000, 0x00000000c0000000, 0x00000000c0ca0000)
  from space 1600K,  99% used [0x00000000c0ca0000, 0x00000000c0e2d410, 0x00000000c0e30000)
  to   space 1600K,   0% used [0x00000000c0e30000, 0x00000000c0e30000, 0x00000000c0fc0000)
 tenured generation   total 32216K, used 25994K [0x00000000d5550000, 0x00000000d74c6000, 0x0000000100000000)
   the space 32216K,  80% used [0x00000000d5550000, 0x00000000d6eb2bc0, 0x00000000d6eb2c00, 0x00000000d74c6000)
 Metaspace       used 3512K, capacity 4792K, committed 5120K, reserved 1056768K
  class space    used 330K, capacity 424K, committed 512K, reserved 1048576K
}
Event: 1.350 GC heap before
{Heap before GC invocations=23 (full 2):
 def new generation   total 14528K, used 14517K [0x00000000c0000000, 0x00000000c0fc0000, 0x00000000d5550000)
  eden space 12928K, 100% used [0x00000000c0000000, 0x00000000c0ca0000, 0x00000000c0ca0000)
  from space 1600K,  99% used [0x00000000c0ca0000, 0x00000000c0e2d410, 0x00000000c0e30000)
  to   space 1600K,   0% used [0x00000000c0e30000, 0x00000000c0e30000, 0x00000000c0fc0000)
 tenured generation   total 32216K, used 25994K [0x00000000d5550000, 0x00000000d74c6000, 0x0000000100000000)
   the space 32216K,  80% used [0x00000000d5550000, 0x00000000d6eb2bc0, 0x00000000d6eb2c00, 0x00000000d74c6000)
 Metaspace       used 3512K, capacity 4792K, committed 5120K, reserved 1056768K
  class space    used 330K, capacity 424K, committed 512K, reserved 1048576K
Event: 1.358 GC heap after
Heap after GC invocations=24 (full 2):
 def new generation   total 14528K, used 1593K [0x00000000c0000000, 0x00000000c0fc0000, 0x00000000d5550000)
  eden space 12928K,   0% used [0x00000000c0000000, 0x00000000c0000000, 0x00000000c0ca0000)
  from space 1600K,  99% used [0x00000000c0e30000, 0x00000000c0fbe4c0, 0x00000000c0fc0000)
  to   space 1600K,   0% used [0x00000000c0ca0000, 0x00000000c0ca0000, 0x00000000c0e30000)
 tenured generation   total 32216K, used 27583K [0x00000000d5550000, 0x00000000d74c6000, 0x0000000100000000)
   the space 32216K,  85% used [0x00000000d5550000, 0x00000000d703fe20, 0x00000000d7040000, 0x00000000d74c6000)
 Metaspace       used 3512K, capacity 4792K, committed 5120K, reserved 1056768K
  class space    used 330K, capacity 424K, committed 512K, reserved 1048576K
}
Event: 1.403 GC heap before
{Heap before GC invocations=24 (full 2):
 def new generation   total 14528K, used 14521K [0x00000000c0000000, 0x00000000c0fc0000, 0x00000000d5550000)
  eden space 12928K, 100% used [0x00000000c0000000, 0x00000000c0ca0000, 0x00000000c0ca0000)
  from space 1600K,  99% used [0x00000000c0e30000, 0x00000000c0fbe4c0, 0x00000000c0fc0000)
  to   space 1600K,   0% used [0x00000000c0ca0000, 0x00000000c0ca0000, 0x00000000c0e30000)
 tenured generation   total 32216K, used 27583K [0x00000000d5550000, 0x00000000d74c6000, 0x0000000100000000)
   the space 32216K,  85% used [0x00000000d5550000, 0x00000000d703fe20, 0x00000000d7040000, 0x00000000d74c6000)
 Metaspace       used 3512K, capacity 4792K, committed 5120K, reserved 1056768K
  class space    used 330K, capacity 424K, committed 512K, reserved 1048576K
Event: 1.414 GC heap after
Heap after GC invocations=25 (full 2):
 def new generation   total 14528K, used 1599K [0x00000000c0000000, 0x00000000c0fc0000, 0x00000000d5550000)
  eden space 12928K,   0% used [0x00000000c0000000, 0x00000000c0000000, 0x00000000c0ca0000)
  from space 1600K,  99% used [0x00000000c0ca0000, 0x00000000c0e2fff8, 0x00000000c0e30000)
  to   space 1600K,   0% used [0x00000000c0e30000, 0x00000000c0e30000, 0x00000000c0fc0000)
 tenured generation   total 32216K, used 29573K [0x00000000d5550000, 0x00000000d74c6000, 0x0000000100000000)
   the space 32216K,  91% used [0x00000000d5550000, 0x00000000d72314c8, 0x00000000d7231600, 0x00000000d74c6000)
 Metaspace       used 3512K, capacity 4792K, committed 5120K, reserved 1056768K
  class space    used 330K, capacity 424K, committed 512K, reserved 1048576K
}
Event: 1.480 GC heap before
{Heap before GC invocations=25 (full 2):
 def new generation   total 14528K, used 14527K [0x00000000c0000000, 0x00000000c0fc0000, 0x00000000d5550000)
  eden space 12928K, 100% used [0x00000000c0000000, 0x00000000c0ca0000, 0x00000000c0ca0000)
  from space 1600K,  99% used [0x00000000c0ca0000, 0x00000000c0e2fff8, 0x00000000c0e30000)
  to   space 1600K,   0% used [0x00000000c0e30000, 0x00000000c0e30000, 0x00000000c0fc0000)
 tenured generation   total 32216K, used 29573K [0x00000000d5550000, 0x00000000d74c6000, 0x0000000100000000)
   the space 32216K,  91% used [0x00000000d5550000, 0x00000000d72314c8, 0x00000000d7231600, 0x00000000d74c6000)
 Metaspace       used 3514K, capacity 4792K, committed 5120K, reserved 1056768K
  class space    used 330K, capacity 424K, committed 512K, reserved 1048576K
Event: 1.489 GC heap after
Heap after GC invocations=26 (full 2):
 def new generation   total 14528K, used 1599K [0x00000000c0000000, 0x00000000c0fc0000, 0x00000000d5550000)
  eden space 12928K,   0% used [0x00000000c0000000, 0x00000000c0000000, 0x00000000c0ca0000)
  from space 1600K,  99% used [0x00000000c0e30000, 0x00000000c0fbfff8, 0x00000000c0fc0000)
  to   space 1600K,   0% used [0x00000000c0ca0000, 0x00000000c0ca0000, 0x00000000c0e30000)
 tenured generation   total 32216K, used 31196K [0x00000000d5550000, 0x00000000d74c6000, 0x0000000100000000)
   the space 32216K,  96% used [0x00000000d5550000, 0x00000000d73c7258, 0x00000000d73c7400, 0x00000000d74c6000)
 Metaspace       used 3514K, capacity 4792K, committed 5120K, reserved 1056768K
  class space    used 330K, capacity 424K, committed 512K, reserved 1048576K
}
Event: 1.515 GC heap before
{Heap before GC invocations=26 (full 2):
 def new generation   total 14528K, used 14527K [0x00000000c0000000, 0x00000000c0fc0000, 0x00000000d5550000)
  eden space 12928K, 100% used [0x00000000c0000000, 0x00000000c0ca0000, 0x00000000c0ca0000)
  from space 1600K,  99% used [0x00000000c0e30000, 0x00000000c0fbfff8, 0x00000000c0fc0000)
  to   space 1600K,   0% used [0x00000000c0ca0000, 0x00000000c0ca0000, 0x00000000c0e30000)
 tenured generation   total 32216K, used 31196K [0x00000000d5550000, 0x00000000d74c6000, 0x0000000100000000)
   the space 32216K,  96% used [0x00000000d5550000, 0x00000000d73c7258, 0x00000000d73c7400, 0x00000000d74c6000)
 Metaspace       used 3514K, capacity 4792K, committed 5120K, reserved 1056768K
  class space    used 330K, capacity 424K, committed 512K, reserved 1048576K
Event: 1.599 GC heap after
Heap after GC invocations=27 (full 3):
 def new generation   total 24768K, used 1413K [0x00000000c0000000, 0x00000000c1ae0000, 0x00000000d5550000)
  eden space 22016K,   6% used [0x00000000c0000000, 0x00000000c0161410, 0x00000000c1580000)
  from space 2752K,   0% used [0x00000000c1580000, 0x00000000c1580000, 0x00000000c1830000)
  to   space 2752K,   0% used [0x00000000c1830000, 0x00000000c1830000, 0x00000000c1ae0000)
 tenured generation   total 54976K, used 32983K [0x00000000d5550000, 0x00000000d8b00000, 0x0000000100000000)
   the space 54976K,  59% used [0x00000000d5550000, 0x00000000d7585ff8, 0x00000000d7586000, 0x00000000d8b00000)
 Metaspace       used 3514K, capacity 4792K, committed 5120K, reserved 1056768K
  class space    used 330K, capacity 424K, committed 512K, reserved 1048576K
}
Event: 1.658 GC heap before
{Heap before GC invocations=27 (full 3):
 def new generation   total 24768K, used 22016K [0x00000000c0000000, 0x00000000c1ae0000, 0x00000000d5550000)
  eden space 22016K, 100% used [0x00000000c0000000, 0x00000000c1580000, 0x00000000c1580000)
  from space 2752K,   0% used [0x00000000c1580000, 0x00000000c1580000, 0x00000000c1830000)
  to   space 2752K,   0% used [0x00000000c1830000, 0x00000000c1830000, 0x00000000c1ae0000)
 tenured generation   total 54976K, used 32983K [0x00000000d5550000, 0x00000000d8b00000, 0x0000000100000000)
   the space 54976K,  59% used [0x00000000d5550000, 0x00000000d7585ff8, 0x00000000d7586000, 0x00000000d8b00000)
 Metaspace       used 3517K, capacity 4792K, committed 5120K, reserved 1056768K
  class space    used 330K, capacity 424K, committed 512K, reserved 1048576K
Event: 1.686 GC heap after
Heap after GC invocations=28 (full 3):
 def new generation   total 24768K, used 2752K [0x00000000c0000000, 0x00000000c1ae0000, 0x00000000d5550000)
  eden space 22016K,   0% used [0x00000000c0000000, 0x00000000c0000000, 0x00000000c1580000)
  from space 2752K, 100% used [0x00000000c1830000, 0x00000000c1ae0000, 0x00000000c1ae0000)
  to   space 2752K,   0% used [0x00000000c1580000, 0x00000000c1580000, 0x00000000c1830000)
 tenured generation   total 54976K, used 34061K [0x00000000d5550000, 0x00000000d8b00000, 0x0000000100000000)
   the space 54976K,  61% used [0x00000000d5550000, 0x00000000d7693778, 0x00000000d7693800, 0x00000000d8b00000)
 Metaspace       used 3517K, capacity 4792K, committed 5120K, reserved 1056768K
  class space    used 330K, capacity 424K, committed 512K, reserved 1048576K
}
Event: 1.759 GC heap before
{Heap before GC invocations=28 (full 3):
 def new generation   total 24768K, used 24768K [0x00000000c0000000, 0x00000000c1ae0000, 0x00000000d5550000)
  eden space 22016K, 100% used [0x00000000c0000000, 0x00000000c1580000, 0x00000000c1580000)
  from space 2752K, 100% used [0x00000000c1830000, 0x00000000c1ae0000, 0x00000000c1ae0000)
  to   space 2752K,   0% used [0x00000000c1580000, 0x00000000c1580000, 0x00000000c1830000)
 tenured generation   total 54976K, used 34061K [0x00000000d5550000, 0x00000000d8b00000, 0x0000000100000000)
   the space 54976K,  61% used [0x00000000d5550000, 0x00000000d7693778, 0x00000000d7693800, 0x00000000d8b00000)
 Metaspace       used 3517K, capacity 4792K, committed 5120K, reserved 1056768K
  class space    used 330K, capacity 424K, committed 512K, reserved 1048576K
Event: 1.776 GC heap after
Heap after GC invocations=29 (full 3):
 def new generation   total 24768K, used 2577K [0x00000000c0000000, 0x00000000c1ae0000, 0x00000000d5550000)
  eden space 22016K,   0% used [0x00000000c0000000, 0x00000000c0000000, 0x00000000c1580000)
  from space 2752K,  93% used [0x00000000c1580000, 0x00000000c18047a8, 0x00000000c1830000)
  to   space 2752K,   0% used [0x00000000c1830000, 0x00000000c1830000, 0x00000000c1ae0000)
 tenured generation   total 54976K, used 36813K [0x00000000d5550000, 0x00000000d8b00000, 0x0000000100000000)
   the space 54976K,  66% used [0x00000000d5550000, 0x00000000d79436a8, 0x00000000d7943800, 0x00000000d8b00000)
 Metaspace       used 3517K, capacity 4792K, committed 5120K, reserved 1056768K
  class space    used 330K, capacity 424K, committed 512K, reserved 1048576K
}
Event: 1.823 GC heap before
{Heap before GC invocations=29 (full 3):
 def new generation   total 24768K, used 24593K [0x00000000c0000000, 0x00000000c1ae0000, 0x00000000d5550000)
  eden space 22016K, 100% used [0x00000000c0000000, 0x00000000c1580000, 0x00000000c1580000)
  from space 2752K,  93% used [0x00000000c1580000, 0x00000000c18047a8, 0x00000000c1830000)
  to   space 2752K,   0% used [0x00000000c1830000, 0x00000000c1830000, 0x00000000c1ae0000)
 tenured generation   total 54976K, used 36813K [0x00000000d5550000, 0x00000000d8b00000, 0x0000000100000000)
   the space 54976K,  66% used [0x00000000d5550000, 0x00000000d79436a8, 0x00000000d7943800, 0x00000000d8b00000)
 Metaspace       used 3517K, capacity 4792K, committed 5120K, reserved 1056768K
  class space    used 330K, capacity 424K, committed 512K, reserved 1048576K
Event: 1.838 GC heap after
Heap after GC invocations=30 (full 3):
 def new generation   total 24768K, used 2575K [0x00000000c0000000, 0x00000000c1ae0000, 0x00000000d5550000)
  eden space 22016K,   0% used [0x00000000c0000000, 0x00000000c0000000, 0x00000000c1580000)
  from space 2752K,  93% used [0x00000000c1830000, 0x00000000c1ab3c80, 0x00000000c1ae0000)
  to   space 2752K,   0% used [0x00000000c1580000, 0x00000000c1580000, 0x00000000c1830000)
 tenured generation   total 54976K, used 39391K [0x00000000d5550000, 0x00000000d8b00000, 0x0000000100000000)
   the space 54976K,  71% used [0x00000000d5550000, 0x00000000d7bc7ca0, 0x00000000d7bc7e00, 0x00000000d8b00000)
 Metaspace       used 3517K, capacity 4792K, committed 5120K, reserved 1056768K
  class space    used 330K, capacity 424K, committed 512K, reserved 1048576K
}
Event: 1.885 GC heap before
{Heap before GC invocations=30 (full 3):
 def new generation   total 24768K, used 24591K [0x00000000c0000000, 0x00000000c1ae0000, 0x00000000d5550000)
  eden space 22016K, 100% used [0x00000000c0000000, 0x00000000c1580000, 0x00000000c1580000)
  from space 2752K,  93% used [0x00000000c1830000, 0x00000000c1ab3c80, 0x00000000c1ae0000)
  to   space 2752K,   0% used [0x00000000c1580000, 0x00000000c1580000, 0x00000000c1830000)
 tenured generation   total 54976K, used 39391K [0x00000000d5550000, 0x00000000d8b00000, 0x0000000100000000)
   the space 54976K,  71% used [0x00000000d5550000, 0x00000000d7bc7ca0, 0x00000000d7bc7e00, 0x00000000d8b00000)
 Metaspace       used 3517K, capacity 4792K, committed 5120K, reserved 1056768K
  class space    used 330K, capacity 424K, committed 512K, reserved 1048576K
Event: 1.900 GC heap after
Heap after GC invocations=31 (full 3):
 def new generation   total 24768K, used 2578K [0x00000000c0000000, 0x00000000c1ae0000, 0x00000000d5550000)
  eden space 22016K,   0% used [0x00000000c0000000, 0x00000000c0000000, 0x00000000c1580000)
  from space 2752K,  93% used [0x00000000c1580000, 0x00000000c1804868, 0x00000000c1830000)
  to   space 2752K,   0% used [0x00000000c1830000, 0x00000000c1830000, 0x00000000c1ae0000)
 tenured generation   total 54976K, used 41965K [0x00000000d5550000, 0x00000000d8b00000, 0x0000000100000000)
   the space 54976K,  76% used [0x00000000d5550000, 0x00000000d7e4b7c8, 0x00000000d7e4b800, 0x00000000d8b00000)
 Metaspace       used 3517K, capacity 4792K, committed 5120K, reserved 1056768K
  class space    used 330K, capacity 424K, committed 512K, reserved 1048576K
}
Event: 1.947 GC heap before
{Heap before GC invocations=31 (full 3):
 def new generation   total 24768K, used 24594K [0x00000000c0000000, 0x00000000c1ae0000, 0x00000000d5550000)
  eden space 22016K, 100% used [0x00000000c0000000, 0x00000000c1580000, 0x00000000c1580000)
  from space 2752K,  93% used [0x00000000c1580000, 0x00000000c1804868, 0x00000000c1830000)
  to   space 2752K,   0% used [0x00000000c1830000, 0x00000000c1830000, 0x00000000c1ae0000)
 tenured generation   total 54976K, used 41965K [0x00000000d5550000, 0x00000000d8b00000, 0x0000000100000000)
   the space 54976K,  76% used [0x00000000d5550000, 0x00000000d7e4b7c8, 0x00000000d7e4b800, 0x00000000d8b00000)
 Metaspace       used 3517K, capacity 4792K, committed 5120K, reserved 1056768K
  class space    used 330K, capacity 424K, committed 512K, reserved 1048576K
Event: 1.962 GC heap after
Heap after GC invocations=32 (full 3):
 def new generation   total 24768K, used 2575K [0x00000000c0000000, 0x00000000c1ae0000, 0x00000000d5550000)
  eden space 22016K,   0% used [0x00000000c0000000, 0x00000000c0000000, 0x00000000c1580000)
  from space 2752K,  93% used [0x00000000c1830000, 0x00000000c1ab3cd8, 0x00000000c1ae0000)
  to   space 2752K,   0% used [0x00000000c1580000, 0x00000000c1580000, 0x00000000c1830000)
 tenured generation   total 54976K, used 44543K [0x00000000d5550000, 0x00000000d8b00000, 0x0000000100000000)
   the space 54976K,  81% used [0x00000000d5550000, 0x00000000d80cff50, 0x00000000d80d0000, 0x00000000d8b00000)
 Metaspace       used 3517K, capacity 4792K, committed 5120K, reserved 1056768K
  class space    used 330K, capacity 424K, committed 512K, reserved 1048576K
}
Event: 2.008 GC heap before
{Heap before GC invocations=32 (full 3):
 def new generation   total 24768K, used 24591K [0x00000000c0000000, 0x00000000c1ae0000, 0x00000000d5550000)
  eden space 22016K, 100% used [0x00000000c0000000, 0x00000000c1580000, 0x00000000c1580000)
  from space 2752K,  93% used [0x00000000c1830000, 0x00000000c1ab3cd8, 0x00000000c1ae0000)
  to   space 2752K,   0% used [0x00000000c1580000, 0x00000000c1580000, 0x00000000c1830000)
 tenured generation   total 54976K, used 44543K [0x00000000d5550000, 0x00000000d8b00000, 0x0000000100000000)
   the space 54976K,  81% used [0x00000000d5550000, 0x00000000d80cff50, 0x00000000d80d0000, 0x00000000d8b00000)
 Metaspace       used 3517K, capacity 4792K, committed 5120K, reserved 1056768K
  class space    used 330K, capacity 424K, committed 512K, reserved 1048576K
Event: 2.023 GC heap after
Heap after GC invocations=33 (full 3):
 def new generation   total 24768K, used 2577K [0x00000000c0000000, 0x00000000c1ae0000, 0x00000000d5550000)
  eden space 22016K,   0% used [0x00000000c0000000, 0x00000000c0000000, 0x00000000c1580000)
  from space 2752K,  93% used [0x00000000c1580000, 0x00000000c1804580, 0x00000000c1830000)
  to   space 2752K,   0% used [0x00000000c1830000, 0x00000000c1830000, 0x00000000c1ae0000)
 tenured generation   total 54976K, used 47118K [0x00000000d5550000, 0x00000000d8b00000, 0x0000000100000000)
   the space 54976K,  85% used [0x00000000d5550000, 0x00000000d8353b38, 0x00000000d8353c00, 0x00000000d8b00000)
 Metaspace       used 3517K, capacity 4792K, committed 5120K, reserved 1056768K
  class space    used 330K, capacity 424K, committed 512K, reserved 1048576K
}
Event: 2.072 GC heap before
{Heap before GC invocations=33 (full 3):
 def new generation   total 24768K, used 24593K [0x00000000c0000000, 0x00000000c1ae0000, 0x00000000d5550000)
  eden space 22016K, 100% used [0x00000000c0000000, 0x00000000c1580000, 0x00000000c1580000)
  from space 2752K,  93% used [0x00000000c1580000, 0x00000000c1804580, 0x00000000c1830000)
  to   space 2752K,   0% used [0x00000000c1830000, 0x00000000c1830000, 0x00000000c1ae0000)
 tenured generation   total 54976K, used 47118K [0x00000000d5550000, 0x00000000d8b00000, 0x0000000100000000)
   the space 54976K,  85% used [0x00000000d5550000, 0x00000000d8353b38, 0x00000000d8353c00, 0x00000000d8b00000)
 Metaspace       used 3517K, capacity 4792K, committed 5120K, reserved 1056768K
  class space    used 330K, capacity 424K, committed 512K, reserved 1048576K
Event: 2.088 GC heap after
Heap after GC invocations=34 (full 3):
 def new generation   total 24768K, used 2575K [0x00000000c0000000, 0x00000000c1ae0000, 0x00000000d5550000)
  eden space 22016K,   0% used [0x00000000c0000000, 0x00000000c0000000, 0x00000000c1580000)
  from space 2752K,  93% used [0x00000000c1830000, 0x00000000c1ab3ca0, 0x00000000c1ae0000)
  to   space 2752K,   0% used [0x00000000c1580000, 0x00000000c1580000, 0x00000000c1830000)
 tenured generation   total 54976K, used 49695K [0x00000000d5550000, 0x00000000d8b00000, 0x0000000100000000)
   the space 54976K,  90% used [0x00000000d5550000, 0x00000000d85d7f70, 0x00000000d85d8000, 0x00000000d8b00000)
 Metaspace       used 3517K, capacity 4792K, committed 5120K, reserved 1056768K
  class space    used 330K, capacity 424K, committed 512K, reserved 1048576K
}
Event: 2.134 GC heap before
{Heap before GC invocations=34 (full 3):
 def new generation   total 24768K, used 24591K [0x00000000c0000000, 0x00000000c1ae0000, 0x00000000d5550000)
  eden space 22016K, 100% used [0x00000000c0000000, 0x00000000c1580000, 0x00000000c1580000)
  from space 2752K,  93% used [0x00000000c1830000, 0x00000000c1ab3ca0, 0x00000000c1ae0000)
  to   space 2752K,   0% used [0x00000000c1580000, 0x00000000c1580000, 0x00000000c1830000)
 tenured generation   total 54976K, used 49695K [0x00000000d5550000, 0x00000000d8b00000, 0x0000000100000000)
   the space 54976K,  90% used [0x00000000d5550000, 0x00000000d85d7f70, 0x00000000d85d8000, 0x00000000d8b00000)
 Metaspace       used 3517K, capacity 4792K, committed 5120K, reserved 1056768K
  class space    used 330K, capacity 424K, committed 512K, reserved 1048576K
Event: 2.150 GC heap after
Heap after GC invocations=35 (full 3):
 def new generation   total 24768K, used 2575K [0x00000000c0000000, 0x00000000c1ae0000, 0x00000000d5550000)
  eden space 22016K,   0% used [0x00000000c0000000, 0x00000000c0000000, 0x00000000c1580000)
  from space 2752K,  93% used [0x00000000c1580000, 0x00000000c1803e60, 0x00000000c1830000)
  to   space 2752K,   0% used [0x00000000c1830000, 0x00000000c1830000, 0x00000000c1ae0000)
 tenured generation   total 54976K, used 52270K [0x00000000d5550000, 0x00000000d8b00000, 0x0000000100000000)
   the space 54976K,  95% used [0x00000000d5550000, 0x00000000d885bb98, 0x00000000d885bc00, 0x00000000d8b00000)
 Metaspace       used 3517K, capacity 4792K, committed 5120K, reserved 1056768K
  class space    used 330K, capacity 424K, committed 512K, reserved 1048576K
}
Event: 2.198 GC heap before
{Heap before GC invocations=35 (full 3):
 def new generation   total 24768K, used 24591K [0x00000000c0000000, 0x00000000c1ae0000, 0x00000000d5550000)
  eden space 22016K, 100% used [0x00000000c0000000, 0x00000000c1580000, 0x00000000c1580000)
  from space 2752K,  93% used [0x00000000c1580000, 0x00000000c1803e60, 0x00000000c1830000)
  to   space 2752K,   0% used [0x00000000c1830000, 0x00000000c1830000, 0x00000000c1ae0000)
 tenured generation   total 54976K, used 52270K [0x00000000d5550000, 0x00000000d8b00000, 0x0000000100000000)
   the space 54976K,  95% used [0x00000000d5550000, 0x00000000d885bb98, 0x00000000d885bc00, 0x00000000d8b00000)
 Metaspace       used 3517K, capacity 4792K, committed 5120K, reserved 1056768K
  class space    used 330K, capacity 424K, committed 512K, reserved 1048576K
Event: 2.214 GC heap after
Heap after GC invocations=36 (full 3):
 def new generation   total 24768K, used 2577K [0x00000000c0000000, 0x00000000c1ae0000, 0x00000000d5550000)
  eden space 22016K,   0% used [0x00000000c0000000, 0x00000000c0000000, 0x00000000c1580000)
  from space 2752K,  93% used [0x00000000c1830000, 0x00000000c1ab4498, 0x00000000c1ae0000)
  to   space 2752K,   0% used [0x00000000c1580000, 0x00000000c1580000, 0x00000000c1830000)
 tenured generation   total 54976K, used 54846K [0x00000000d5550000, 0x00000000d8b00000, 0x0000000100000000)
   the space 54976K,  99% used [0x00000000d5550000, 0x00000000d8adf8b8, 0x00000000d8adfa00, 0x00000000d8b00000)
 Metaspace       used 3517K, capacity 4792K, committed 5120K, reserved 1056768K
  class space    used 330K, capacity 424K, committed 512K, reserved 1048576K
}
Event: 2.262 GC heap before
{Heap before GC invocations=36 (full 3):
 def new generation   total 24768K, used 24593K [0x00000000c0000000, 0x00000000c1ae0000, 0x00000000d5550000)
  eden space 22016K, 100% used [0x00000000c0000000, 0x00000000c1580000, 0x00000000c1580000)
  from space 2752K,  93% used [0x00000000c1830000, 0x00000000c1ab4498, 0x00000000c1ae0000)
  to   space 2752K,   0% used [0x00000000c1580000, 0x00000000c1580000, 0x00000000c1830000)
 tenured generation   total 54976K, used 54846K [0x00000000d5550000, 0x00000000d8b00000, 0x0000000100000000)
   the space 54976K,  99% used [0x00000000d5550000, 0x00000000d8adf8b8, 0x00000000d8adfa00, 0x00000000d8b00000)
 Metaspace       used 3517K, capacity 4792K, committed 5120K, reserved 1056768K
  class space    used 330K, capacity 424K, committed 512K, reserved 1048576K
Event: 2.446 GC heap after
Heap after GC invocations=37 (full 4):
 def new generation   total 43200K, used 1471K [0x00000000c0000000, 0x00000000c2ed0000, 0x00000000d5550000)
  eden space 38464K,   3% used [0x00000000c0000000, 0x00000000c016fe60, 0x00000000c2590000)
  from space 4736K,   0% used [0x00000000c2590000, 0x00000000c2590000, 0x00000000c2a30000)
  to   space 4736K,   0% used [0x00000000c2a30000, 0x00000000c2a30000, 0x00000000c2ed0000)
 tenured generation   total 95788K, used 57472K [0x00000000d5550000, 0x00000000db2db000, 0x0000000100000000)
   the space 95788K,  59% used [0x00000000d5550000, 0x00000000d8d70000, 0x00000000d8d70000, 0x00000000db2db000)
 Metaspace       used 3517K, capacity 4792K, committed 5120K, reserved 1056768K
  class space    used 330K, capacity 424K, committed 512K, reserved 1048576K
}
Event: 2.534 GC heap before
{Heap before GC invocations=37 (full 4):
 def new generation   total 43200K, used 38464K [0x00000000c0000000, 0x00000000c2ed0000, 0x00000000d5550000)
  eden space 38464K, 100% used [0x00000000c0000000, 0x00000000c2590000, 0x00000000c2590000)
  from space 4736K,   0% used [0x00000000c2590000, 0x00000000c2590000, 0x00000000c2a30000)
  to   space 4736K,   0% used [0x00000000c2a30000, 0x00000000c2a30000, 0x00000000c2ed0000)
 tenured generation   total 95788K, used 57472K [0x00000000d5550000, 0x00000000db2db000, 0x0000000100000000)
   the space 95788K,  59% used [0x00000000d5550000, 0x00000000d8d70000, 0x00000000d8d70000, 0x00000000db2db000)
 Metaspace       used 3517K, capacity 4792K, committed 5120K, reserved 1056768K
  class space    used 330K, capacity 424K, committed 512K, reserved 1048576K
Event: 2.583 GC heap after
Heap after GC invocations=38 (full 4):
 def new generation   total 43200K, used 4736K [0x00000000c0000000, 0x00000000c2ed0000, 0x00000000d5550000)
  eden space 38464K,   0% used [0x00000000c0000000, 0x00000000c0000000, 0x00000000c2590000)
  from space 4736K, 100% used [0x00000000c2a30000, 0x00000000c2ed0000, 0x00000000c2ed0000)
  to   space 4736K,   0% used [0x00000000c2590000, 0x00000000c2590000, 0x00000000c2a30000)
 tenured generation   total 95788K, used 58537K [0x00000000d5550000, 0x00000000db2db000, 0x0000000100000000)
   the space 95788K,  61% used [0x00000000d5550000, 0x00000000d8e7a5e0, 0x00000000d8e7a600, 0x00000000db2db000)
 Metaspace       used 3517K, capacity 4792K, committed 5120K, reserved 1056768K
  class space    used 330K, capacity 424K, committed 512K, reserved 1048576K
}
Event: 2.665 GC heap before
{Heap before GC invocations=38 (full 4):
 def new generation   total 43200K, used 43200K [0x00000000c0000000, 0x00000000c2ed0000, 0x00000000d5550000)
  eden space 38464K, 100% used [0x00000000c0000000, 0x00000000c2590000, 0x00000000c2590000)
  from space 4736K, 100% used [0x00000000c2a30000, 0x00000000c2ed0000, 0x00000000c2ed0000)
  to   space 4736K,   0% used [0x00000000c2590000, 0x00000000c2590000, 0x00000000c2a30000)
 tenured generation   total 95788K, used 58537K [0x00000000d5550000, 0x00000000db2db000, 0x0000000100000000)
   the space 95788K,  61% used [0x00000000d5550000, 0x00000000d8e7a5e0, 0x00000000d8e7a600, 0x00000000db2db000)
 Metaspace       used 3517K, capacity 4792K, committed 5120K, reserved 1056768K
  class space    used 330K, capacity 424K, committed 512K, reserved 1048576K
Event: 2.696 GC heap after
Heap after GC invocations=39 (full 4):
 def new generation   total 43200K, used 4504K [0x00000000c0000000, 0x00000000c2ed0000, 0x00000000d5550000)
  eden space 38464K,   0% used [0x00000000c0000000, 0x00000000c0000000, 0x00000000c2590000)
  from space 4736K,  95% used [0x00000000c2590000, 0x00000000c29f62f0, 0x00000000c2a30000)
  to   space 4736K,   0% used [0x00000000c2a30000, 0x00000000c2a30000, 0x00000000c2ed0000)
 tenured generation   total 95788K, used 63273K [0x00000000d5550000, 0x00000000db2db000, 0x0000000100000000)
   the space 95788K,  66% used [0x00000000d5550000, 0x00000000d931a4e8, 0x00000000d931a600, 0x00000000db2db000)
 Metaspace       used 3517K, capacity 4792K, committed 5120K, reserved 1056768K
  class space    used 330K, capacity 424K, committed 512K, reserved 1048576K
}
Event: 2.780 GC heap before
{Heap before GC invocations=39 (full 4):
 def new generation   total 43200K, used 42968K [0x00000000c0000000, 0x00000000c2ed0000, 0x00000000d5550000)
  eden space 38464K, 100% used [0x00000000c0000000, 0x00000000c2590000, 0x00000000c2590000)
  from space 4736K,  95% used [0x00000000c2590000, 0x00000000c29f62f0, 0x00000000c2a30000)
  to   space 4736K,   0% used [0x00000000c2a30000, 0x00000000c2a30000, 0x00000000c2ed0000)
 tenured generation   total 95788K, used 63273K [0x00000000d5550000, 0x00000000db2db000, 0x0000000100000000)
   the space 95788K,  66% used [0x00000000d5550000, 0x00000000d931a4e8, 0x00000000d931a600, 0x00000000db2db000)
 Metaspace       used 3517K, capacity 4792K, committed 5120K, reserved 1056768K
  class space    used 330K, capacity 424K, committed 512K, reserved 1048576K
Event: 2.809 GC heap after
Heap after GC invocations=40 (full 4):
 def new generation   total 43200K, used 4502K [0x00000000c0000000, 0x00000000c2ed0000, 0x00000000d5550000)
  eden space 38464K,   0% used [0x00000000c0000000, 0x00000000c0000000, 0x00000000c2590000)
  from space 4736K,  95% used [0x00000000c2a30000, 0x00000000c2e95aa8, 0x00000000c2ed0000)
  to   space 4736K,   0% used [0x00000000c2590000, 0x00000000c2590000, 0x00000000c2a30000)
 tenured generation   total 95788K, used 67777K [0x00000000d5550000, 0x00000000db2db000, 0x0000000100000000)
   the space 95788K,  70% used [0x00000000d5550000, 0x00000000d9780758, 0x00000000d9780800, 0x00000000db2db000)
 Metaspace       used 3517K, capacity 4792K, committed 5120K, reserved 1056768K
  class space    used 330K, capacity 424K, committed 512K, reserved 1048576K
}
Event: 2.904 GC heap before
{Heap before GC invocations=40 (full 4):
 def new generation   total 43200K, used 42966K [0x00000000c0000000, 0x00000000c2ed0000, 0x00000000d5550000)
  eden space 38464K, 100% used [0x00000000c0000000, 0x00000000c2590000, 0x00000000c2590000)
  from space 4736K,  95% used [0x00000000c2a30000, 0x00000000c2e95aa8, 0x00000000c2ed0000)
  to   space 4736K,   0% used [0x00000000c2590000, 0x00000000c2590000, 0x00000000c2a30000)
 tenured generation   total 95788K, used 67777K [0x00000000d5550000, 0x00000000db2db000, 0x0000000100000000)
   the space 95788K,  70% used [0x00000000d5550000, 0x00000000d9780758, 0x00000000d9780800, 0x00000000db2db000)
 Metaspace       used 3517K, capacity 4792K, committed 5120K, reserved 1056768K
  class space    used 330K, capacity 424K, committed 512K, reserved 1048576K
Event: 2.955 GC heap after
Heap after GC invocations=41 (full 4):
 def new generation   total 43200K, used 4025K [0x00000000c0000000, 0x00000000c2ed0000, 0x00000000d5550000)
  eden space 38464K,   0% used [0x00000000c0000000, 0x00000000c0000000, 0x00000000c2590000)
  from space 4736K,  84% used [0x00000000c2590000, 0x00000000c297e478, 0x00000000c2a30000)
  to   space 4736K,   0% used [0x00000000c2a30000, 0x00000000c2a30000, 0x00000000c2ed0000)
 tenured generation   total 95788K, used 76342K [0x00000000d5550000, 0x00000000db2db000, 0x0000000100000000)
   the space 95788K,  79% used [0x00000000d5550000, 0x00000000d9fddb08, 0x00000000d9fddc00, 0x00000000db2db000)
 Metaspace       used 3517K, capacity 4792K, committed 5120K, reserved 1056768K
  class space    used 330K, capacity 424K, committed 512K, reserved 1048576K
}
Event: 3.038 GC heap before
{Heap before GC invocations=41 (full 4):
 def new generation   total 43200K, used 42489K [0x00000000c0000000, 0x00000000c2ed0000, 0x00000000d5550000)
  eden space 38464K, 100% used [0x00000000c0000000, 0x00000000c2590000, 0x00000000c2590000)
  from space 4736K,  84% used [0x00000000c2590000, 0x00000000c297e478, 0x00000000c2a30000)
  to   space 4736K,   0% used [0x00000000c2a30000, 0x00000000c2a30000, 0x00000000c2ed0000)
 tenured generation   total 95788K, used 76342K [0x00000000d5550000, 0x00000000db2db000, 0x0000000100000000)
   the space 95788K,  79% used [0x00000000d5550000, 0x00000000d9fddb08, 0x00000000d9fddc00, 0x00000000db2db000)
 Metaspace       used 3517K, capacity 4792K, committed 5120K, reserved 1056768K
  class space    used 330K, capacity 424K, committed 512K, reserved 1048576K
Event: 3.074 GC heap after
Heap after GC invocations=42 (full 4):
 def new generation   total 43200K, used 4502K [0x00000000c0000000, 0x00000000c2ed0000, 0x00000000d5550000)
  eden space 38464K,   0% used [0x00000000c0000000, 0x00000000c0000000, 0x00000000c2590000)
  from space 4736K,  95% used [0x00000000c2a30000, 0x00000000c2e95b28, 0x00000000c2ed0000)
  to   space 4736K,   0% used [0x00000000c2590000, 0x00000000c2590000, 0x00000000c2a30000)
 tenured generation   total 95788K, used 80367K [0x00000000d5550000, 0x00000000db2db000, 0x0000000100000000)
   the space 95788K,  83% used [0x00000000d5550000, 0x00000000da3cbe60, 0x00000000da3cc000, 0x00000000db2db000)
 Metaspace       used 3517K, capacity 4792K, committed 5120K, reserved 1056768K
  class space    used 330K, capacity 424K, committed 512K, reserved 1048576K
}
Event: 3.159 GC heap before
{Heap before GC invocations=42 (full 4):
 def new generation   total 43200K, used 42966K [0x00000000c0000000, 0x00000000c2ed0000, 0x00000000d5550000)
  eden space 38464K, 100% used [0x00000000c0000000, 0x00000000c2590000, 0x00000000c2590000)
  from space 4736K,  95% used [0x00000000c2a30000, 0x00000000c2e95b28, 0x00000000c2ed0000)
  to   space 4736K,   0% used [0x00000000c2590000, 0x00000000c2590000, 0x00000000c2a30000)
 tenured generation   total 95788K, used 80367K [0x00000000d5550000, 0x00000000db2db000, 0x0000000100000000)
   the space 95788K,  83% used [0x00000000d5550000, 0x00000000da3cbe60, 0x00000000da3cc000, 0x00000000db2db000)
 Metaspace       used 3517K, capacity 4792K, committed 5120K, reserved 1056768K
  class space    used 330K, capacity 424K, committed 512K, reserved 1048576K
Event: 3.190 GC heap after
Heap after GC invocations=43 (full 4):
 def new generation   total 43200K, used 4545K [0x00000000c0000000, 0x00000000c2ed0000, 0x00000000d5550000)
  eden space 38464K,   0% used [0x00000000c0000000, 0x00000000c0000000, 0x00000000c2590000)
  from space 4736K,  95% used [0x00000000c2590000, 0x00000000c2a00530, 0x00000000c2a30000)
  to   space 4736K,   0% used [0x00000000c2a30000, 0x00000000c2a30000, 0x00000000c2ed0000)
 tenured generation   total 95788K, used 84870K [0x00000000d5550000, 0x00000000db2db000, 0x0000000100000000)
   the space 95788K,  88% used [0x00000000d5550000, 0x00000000da831808, 0x00000000da831a00, 0x00000000db2db000)
 Metaspace       used 3517K, capacity 4792K, committed 5120K, reserved 1056768K
  class space    used 330K, capacity 424K, committed 512K, reserved 1048576K
}
Event: 3.316 GC heap before
{Heap before GC invocations=43 (full 4):
 def new generation   total 43200K, used 43009K [0x00000000c0000000, 0x00000000c2ed0000, 0x00000000d5550000)
  eden space 38464K, 100% used [0x00000000c0000000, 0x00000000c2590000, 0x00000000c2590000)
  from space 4736K,  95% used [0x00000000c2590000, 0x00000000c2a00530, 0x00000000c2a30000)
  to   space 4736K,   0% used [0x00000000c2a30000, 0x00000000c2a30000, 0x00000000c2ed0000)
 tenured generation   total 95788K, used 84870K [0x00000000d5550000, 0x00000000db2db000, 0x0000000100000000)
   the space 95788K,  88% used [0x00000000d5550000, 0x00000000da831808, 0x00000000da831a00, 0x00000000db2db000)
 Metaspace       used 3548K, capacity 4792K, committed 5120K, reserved 1056768K
  class space    used 332K, capacity 424K, committed 512K, reserved 1048576K
Event: 3.348 GC heap after
Heap after GC invocations=44 (full 4):
 def new generation   total 43200K, used 4735K [0x00000000c0000000, 0x00000000c2ed0000, 0x00000000d5550000)
  eden space 38464K,   0% used [0x00000000c0000000, 0x00000000c0000000, 0x00000000c2590000)
  from space 4736K,  99% used [0x00000000c2a30000, 0x00000000c2ecfff0, 0x00000000c2ed0000)
  to   space 4736K,   0% used [0x00000000c2590000, 0x00000000c2590000, 0x00000000c2a30000)
 tenured generation   total 95788K, used 89646K [0x00000000d5550000, 0x00000000db2db000, 0x0000000100000000)
   the space 95788K,  93% used [0x00000000d5550000, 0x00000000dacdbb00, 0x00000000dacdbc00, 0x00000000db2db000)
 Metaspace       used 3548K, capacity 4792K, committed 5120K, reserved 1056768K
  class space    used 332K, capacity 424K, committed 512K, reserved 1048576K
}
Event: 3.497 GC heap before
{Heap before GC invocations=44 (full 4):
 def new generation   total 43200K, used 43199K [0x00000000c0000000, 0x00000000c2ed0000, 0x00000000d5550000)
  eden space 38464K, 100% used [0x00000000c0000000, 0x00000000c2590000, 0x00000000c2590000)
  from space 4736K,  99% used [0x00000000c2a30000, 0x00000000c2ecfff0, 0x00000000c2ed0000)
  to   space 4736K,   0% used [0x00000000c2590000, 0x00000000c2590000, 0x00000000c2a30000)
 tenured generation   total 95788K, used 89646K [0x00000000d5550000, 0x00000000db2db000, 0x0000000100000000)
   the space 95788K,  93% used [0x00000000d5550000, 0x00000000dacdbb00, 0x00000000dacdbc00, 0x00000000db2db000)
 Metaspace       used 3563K, capacity 4792K, committed 5120K, reserved 1056768K
  class space    used 332K, capacity 424K, committed 512K, reserved 1048576K
Event: 3.536 GC heap after
Heap after GC invocations=45 (full 4):
 def new generation   total 43200K, used 4736K [0x00000000c0000000, 0x00000000c2ed0000, 0x00000000d5550000)
  eden space 38464K,   0% used [0x00000000c0000000, 0x00000000c0000000, 0x00000000c2590000)
  from space 4736K, 100% used [0x00000000c2590000, 0x00000000c2a30000, 0x00000000c2a30000)
  to   space 4736K,   0% used [0x00000000c2a30000, 0x00000000c2a30000, 0x00000000c2ed0000)
 tenured generation   total 95788K, used 95170K [0x00000000d5550000, 0x00000000db2db000, 0x0000000100000000)
   the space 95788K,  99% used [0x00000000d5550000, 0x00000000db240938, 0x00000000db240a00, 0x00000000db2db000)
 Metaspace       used 3563K, capacity 4792K, committed 5120K, reserved 1056768K
  class space    used 332K, capacity 424K, committed 512K, reserved 1048576K
}
Event: 3.644 GC heap before
{Heap before GC invocations=45 (full 4):
 def new generation   total 43200K, used 43200K [0x00000000c0000000, 0x00000000c2ed0000, 0x00000000d5550000)
  eden space 38464K, 100% used [0x00000000c0000000, 0x00000000c2590000, 0x00000000c2590000)
  from space 4736K, 100% used [0x00000000c2590000, 0x00000000c2a30000, 0x00000000c2a30000)
  to   space 4736K,   0% used [0x00000000c2a30000, 0x00000000c2a30000, 0x00000000c2ed0000)
 tenured generation   total 95788K, used 95170K [0x00000000d5550000, 0x00000000db2db000, 0x0000000100000000)
   the space 95788K,  99% used [0x00000000d5550000, 0x00000000db240938, 0x00000000db240a00, 0x00000000db2db000)
 Metaspace       used 3563K, capacity 4792K, committed 5120K, reserved 1056768K
  class space    used 332K, capacity 424K, committed 512K, reserved 1048576K
Event: 3.950 GC heap after
Heap after GC invocations=46 (full 5):
 def new generation   total 75648K, used 4719K [0x00000000c0000000, 0x00000000c5210000, 0x00000000d5550000)
  eden space 67264K,   7% used [0x00000000c0000000, 0x00000000c049bd28, 0x00000000c41b0000)
  from space 8384K,   0% used [0x00000000c41b0000, 0x00000000c41b0000, 0x00000000c49e0000)
  to   space 8384K,   0% used [0x00000000c49e0000, 0x00000000c49e0000, 0x00000000c5210000)
 tenured generation   total 167968K, used 100779K [0x00000000d5550000, 0x00000000df958000, 0x0000000100000000)
   the space 167968K,  59% used [0x00000000d5550000, 0x00000000db7baff8, 0x00000000db7bb000, 0x00000000df958000)
 Metaspace       used 3563K, capacity 4792K, committed 5120K, reserved 1056768K
  class space    used 332K, capacity 424K, committed 512K, reserved 1048576K
}
Event: 4.126 GC heap before
{Heap before GC invocations=46 (full 5):
 def new generation   total 75648K, used 67264K [0x00000000c0000000, 0x00000000c5210000, 0x00000000d5550000)
  eden space 67264K, 100% used [0x00000000c0000000, 0x00000000c41b0000, 0x00000000c41b0000)
  from space 8384K,   0% used [0x00000000c41b0000, 0x00000000c41b0000, 0x00000000c49e0000)
  to   space 8384K,   0% used [0x00000000c49e0000, 0x00000000c49e0000, 0x00000000c5210000)
 tenured generation   total 167968K, used 100779K [0x00000000d5550000, 0x00000000df958000, 0x0000000100000000)
   the space 167968K,  59% used [0x00000000d5550000, 0x00000000db7baff8, 0x00000000db7bb000, 0x00000000df958000)
 Metaspace       used 3563K, capacity 4792K, committed 5120K, reserved 1056768K
  class space    used 332K, capacity 424K, committed 512K, reserved 1048576K
Event: 4.235 GC heap after
Heap after GC invocations=47 (full 5):
 def new generation   total 75648K, used 8383K [0x00000000c0000000, 0x00000000c5210000, 0x00000000d5550000)
  eden space 67264K,   0% used [0x00000000c0000000, 0x00000000c0000000, 0x00000000c41b0000)
  from space 8384K,  99% used [0x00000000c49e0000, 0x00000000c520fff8, 0x00000000c5210000)
  to   space 8384K,   0% used [0x00000000c41b0000, 0x00000000c41b0000, 0x00000000c49e0000)
 tenured generation   total 167968K, used 106313K [0x00000000d5550000, 0x00000000df958000, 0x0000000100000000)
   the space 167968K,  63% used [0x00000000d5550000, 0x00000000dbd227c8, 0x00000000dbd22800, 0x00000000df958000)
 Metaspace       used 3563K, capacity 4792K, committed 5120K, reserved 1056768K
  class space    used 332K, capacity 424K, committed 512K, reserved 1048576K
}
Event: 4.545 GC heap before
{Heap before GC invocations=47 (full 5):
 def new generation   total 75648K, used 75647K [0x00000000c0000000, 0x00000000c5210000, 0x00000000d5550000)
  eden space 67264K, 100% used [0x00000000c0000000, 0x00000000c41b0000, 0x00000000c41b0000)
  from space 8384K,  99% used [0x00000000c49e0000, 0x00000000c520fff8, 0x00000000c5210000)
  to   space 8384K,   0% used [0x00000000c41b0000, 0x00000000c41b0000, 0x00000000c49e0000)
 tenured generation   total 167968K, used 106313K [0x00000000d5550000, 0x00000000df958000, 0x0000000100000000)
   the space 167968K,  63% used [0x00000000d5550000, 0x00000000dbd227c8, 0x00000000dbd22800, 0x00000000df958000)
 Metaspace       used 3773K, capacity 4856K, committed 5120K, reserved 1056768K
  class space    used 342K, capacity 424K, committed 512K, reserved 1048576K
Event: 4.596 GC heap after
Heap after GC invocations=48 (full 5):
 def new generation   total 75648K, used 8219K [0x00000000c0000000, 0x00000000c5210000, 0x00000000d5550000)
  eden space 67264K,   0% used [0x00000000c0000000, 0x00000000c0000000, 0x00000000c41b0000)
  from space 8384K,  98% used [0x00000000c41b0000, 0x00000000c49b6cf8, 0x00000000c49e0000)
  to   space 8384K,   0% used [0x00000000c49e0000, 0x00000000c49e0000, 0x00000000c5210000)
 tenured generation   total 167968K, used 114697K [0x00000000d5550000, 0x00000000df958000, 0x0000000100000000)
   the space 167968K,  68% used [0x00000000d5550000, 0x00000000dc5526f0, 0x00000000dc552800, 0x00000000df958000)
 Metaspace       used 3773K, capacity 4856K, committed 5120K, reserved 1056768K
  class space    used 342K, capacity 424K, committed 512K, reserved 1048576K
}
Event: 4.775 GC heap before
{Heap before GC invocations=48 (full 5):
 def new generation   total 75648K, used 75483K [0x00000000c0000000, 0x00000000c5210000, 0x00000000d5550000)
  eden space 67264K, 100% used [0x00000000c0000000, 0x00000000c41b0000, 0x00000000c41b0000)
  from space 8384K,  98% used [0x00000000c41b0000, 0x00000000c49b6cf8, 0x00000000c49e0000)
  to   space 8384K,   0% used [0x00000000c49e0000, 0x00000000c49e0000, 0x00000000c5210000)
 tenured generation   total 167968K, used 114697K [0x00000000d5550000, 0x00000000df958000, 0x0000000100000000)
   the space 167968K,  68% used [0x00000000d5550000, 0x00000000dc5526f0, 0x00000000dc552800, 0x00000000df958000)
 Metaspace       used 3774K, capacity 4856K, committed 5120K, reserved 1056768K
  class space    used 342K, capacity 424K, committed 512K, reserved 1048576K
Event: 4.844 GC heap after
Heap after GC invocations=49 (full 5):
 def new generation   total 75648K, used 7559K [0x00000000c0000000, 0x00000000c5210000, 0x00000000d5550000)
  eden space 67264K,   0% used [0x00000000c0000000, 0x00000000c0000000, 0x00000000c41b0000)
  from space 8384K,  90% used [0x00000000c49e0000, 0x00000000c5141c88, 0x00000000c5210000)
  to   space 8384K,   0% used [0x00000000c41b0000, 0x00000000c41b0000, 0x00000000c49e0000)
 tenured generation   total 167968K, used 122916K [0x00000000d5550000, 0x00000000df958000, 0x0000000100000000)
   the space 167968K,  73% used [0x00000000d5550000, 0x00000000dcd592a0, 0x00000000dcd59400, 0x00000000df958000)
 Metaspace       used 3774K, capacity 4856K, committed 5120K, reserved 1056768K
  class space    used 342K, capacity 424K, committed 512K, reserved 1048576K
}
Event: 5.009 GC heap before
{Heap before GC invocations=49 (full 5):
 def new generation   total 75648K, used 74823K [0x00000000c0000000, 0x00000000c5210000, 0x00000000d5550000)
  eden space 67264K, 100% used [0x00000000c0000000, 0x00000000c41b0000, 0x00000000c41b0000)
  from space 8384K,  90% used [0x00000000c49e0000, 0x00000000c5141c88, 0x00000000c5210000)
  to   space 8384K,   0% used [0x00000000c41b0000, 0x00000000c41b0000, 0x00000000c49e0000)
 tenured generation   total 167968K, used 122916K [0x00000000d5550000, 0x00000000df958000, 0x0000000100000000)
   the space 167968K,  73% used [0x00000000d5550000, 0x00000000dcd592a0, 0x00000000dcd59400, 0x00000000df958000)
 Metaspace       used 3774K, capacity 4856K, committed 5120K, reserved 1056768K
  class space    used 342K, capacity 424K, committed 512K, reserved 1048576K
Event: 5.043 GC heap after
Heap after GC invocations=50 (full 5):
 def new generation   total 75648K, used 7836K [0x00000000c0000000, 0x00000000c5210000, 0x00000000d5550000)
  eden space 67264K,   0% used [0x00000000c0000000, 0x00000000c0000000, 0x00000000c41b0000)
  from space 8384K,  93% used [0x00000000c41b0000, 0x00000000c49570d8, 0x00000000c49e0000)
  to   space 8384K,   0% used [0x00000000c49e0000, 0x00000000c49e0000, 0x00000000c5210000)
 tenured generation   total 167968K, used 130475K [0x00000000d5550000, 0x00000000df958000, 0x0000000100000000)
   the space 167968K,  77% used [0x00000000d5550000, 0x00000000dd4bae38, 0x00000000dd4bb000, 0x00000000df958000)
 Metaspace       used 3774K, capacity 4856K, committed 5120K, reserved 1056768K
  class space    used 342K, capacity 424K, committed 512K, reserved 1048576K
}
Event: 5.207 GC heap before
{Heap before GC invocations=50 (full 5):
 def new generation   total 75648K, used 75100K [0x00000000c0000000, 0x00000000c5210000, 0x00000000d5550000)
  eden space 67264K, 100% used [0x00000000c0000000, 0x00000000c41b0000, 0x00000000c41b0000)
  from space 8384K,  93% used [0x00000000c41b0000, 0x00000000c49570d8, 0x00000000c49e0000)
  to   space 8384K,   0% used [0x00000000c49e0000, 0x00000000c49e0000, 0x00000000c5210000)
 tenured generation   total 167968K, used 130475K [0x00000000d5550000, 0x00000000df958000, 0x0000000100000000)
   the space 167968K,  77% used [0x00000000d5550000, 0x00000000dd4bae38, 0x00000000dd4bb000, 0x00000000df958000)
 Metaspace       used 3774K, capacity 4856K, committed 5120K, reserved 1056768K
  class space    used 342K, capacity 424K, committed 512K, reserved 1048576K
Event: 5.253 GC heap after
Heap after GC invocations=51 (full 5):
 def new generation   total 75648K, used 7655K [0x00000000c0000000, 0x00000000c5210000, 0x00000000d5550000)
  eden space 67264K,   0% used [0x00000000c0000000, 0x00000000c0000000, 0x00000000c41b0000)
  from space 8384K,  91% used [0x00000000c49e0000, 0x00000000c5159e88, 0x00000000c5210000)
  to   space 8384K,   0% used [0x00000000c41b0000, 0x00000000c41b0000, 0x00000000c49e0000)
 tenured generation   total 167968K, used 138311K [0x00000000d5550000, 0x00000000df958000, 0x0000000100000000)
   the space 167968K,  82% used [0x00000000d5550000, 0x00000000ddc61c08, 0x00000000ddc61e00, 0x00000000df958000)
 Metaspace       used 3774K, capacity 4856K, committed 5120K, reserved 1056768K
  class space    used 342K, capacity 424K, committed 512K, reserved 1048576K
}
Event: 5.420 GC heap before
{Heap before GC invocations=51 (full 5):
 def new generation   total 75648K, used 74919K [0x00000000c0000000, 0x00000000c5210000, 0x00000000d5550000)
  eden space 67264K, 100% used [0x00000000c0000000, 0x00000000c41b0000, 0x00000000c41b0000)
  from space 8384K,  91% used [0x00000000c49e0000, 0x00000000c5159e88, 0x00000000c5210000)
  to   space 8384K,   0% used [0x00000000c41b0000, 0x00000000c41b0000, 0x00000000c49e0000)
 tenured generation   total 167968K, used 138311K [0x00000000d5550000, 0x00000000df958000, 0x0000000100000000)
   the space 167968K,  82% used [0x00000000d5550000, 0x00000000ddc61c08, 0x00000000ddc61e00, 0x00000000df958000)
 Metaspace       used 3803K, capacity 4856K, committed 5120K, reserved 1056768K
  class space    used 342K, capacity 424K, committed 512K, reserved 1048576K
Event: 5.456 GC heap after
Heap after GC invocations=52 (full 5):
 def new generation   total 75648K, used 7705K [0x00000000c0000000, 0x00000000c5210000, 0x00000000d5550000)
  eden space 67264K,   0% used [0x00000000c0000000, 0x00000000c0000000, 0x00000000c41b0000)
  from space 8384K,  91% used [0x00000000c41b0000, 0x00000000c49367a8, 0x00000000c49e0000)
  to   space 8384K,   0% used [0x00000000c49e0000, 0x00000000c49e0000, 0x00000000c5210000)
 tenured generation   total 167968K, used 145966K [0x00000000d5550000, 0x00000000df958000, 0x0000000100000000)
   the space 167968K,  86% used [0x00000000d5550000, 0x00000000de3db970, 0x00000000de3dba00, 0x00000000df958000)
 Metaspace       used 3803K, capacity 4856K, committed 5120K, reserved 1056768K
  class space    used 342K, capacity 424K, committed 512K, reserved 1048576K
}
Event: 5.575 GC heap before
{Heap before GC invocations=52 (full 5):
 def new generation   total 75648K, used 74969K [0x00000000c0000000, 0x00000000c5210000, 0x00000000d5550000)
  eden space 67264K, 100% used [0x00000000c0000000, 0x00000000c41b0000, 0x00000000c41b0000)
  from space 8384K,  91% used [0x00000000c41b0000, 0x00000000c49367a8, 0x00000000c49e0000)
  to   space 8384K,   0% used [0x00000000c49e0000, 0x00000000c49e0000, 0x00000000c5210000)
 tenured generation   total 167968K, used 145966K [0x00000000d5550000, 0x00000000df958000, 0x0000000100000000)
   the space 167968K,  86% used [0x00000000d5550000, 0x00000000de3db970, 0x00000000de3dba00, 0x00000000df958000)
 Metaspace       used 3803K, capacity 4856K, committed 5120K, reserved 1056768K
  class space    used 342K, capacity 424K, committed 512K, reserved 1048576K
Event: 5.611 GC heap after
Heap after GC invocations=53 (full 5):
 def new generation   total 75648K, used 7747K [0x00000000c0000000, 0x00000000c5210000, 0x00000000d5550000)
  eden space 67264K,   0% used [0x00000000c0000000, 0x00000000c0000000, 0x00000000c41b0000)
  from space 8384K,  92% used [0x00000000c49e0000, 0x00000000c5170e70, 0x00000000c5210000)
  to   space 8384K,   0% used [0x00000000c41b0000, 0x00000000c41b0000, 0x00000000c49e0000)
 tenured generation   total 167968K, used 153671K [0x00000000d5550000, 0x00000000df958000, 0x0000000100000000)
   the space 167968K,  91% used [0x00000000d5550000, 0x00000000deb61f38, 0x00000000deb62000, 0x00000000df958000)
 Metaspace       used 3803K, capacity 4856K, committed 5120K, reserved 1056768K
  class space    used 342K, capacity 424K, committed 512K, reserved 1048576K
}
Event: 5.727 GC heap before
{Heap before GC invocations=53 (full 5):
 def new generation   total 75648K, used 75011K [0x00000000c0000000, 0x00000000c5210000, 0x00000000d5550000)
  eden space 67264K, 100% used [0x00000000c0000000, 0x00000000c41b0000, 0x00000000c41b0000)
  from space 8384K,  92% used [0x00000000c49e0000, 0x00000000c5170e70, 0x00000000c5210000)
  to   space 8384K,   0% used [0x00000000c41b0000, 0x00000000c41b0000, 0x00000000c49e0000)
 tenured generation   total 167968K, used 153671K [0x00000000d5550000, 0x00000000df958000, 0x0000000100000000)
   the space 167968K,  91% used [0x00000000d5550000, 0x00000000deb61f38, 0x00000000deb62000, 0x00000000df958000)
 Metaspace       used 3803K, capacity 4856K, committed 5120K, reserved 1056768K
  class space    used 342K, capacity 424K, committed 512K, reserved 1048576K
Event: 5.772 GC heap after
Heap after GC invocations=54 (full 5):
 def new generation   total 75648K, used 7825K [0x00000000c0000000, 0x00000000c5210000, 0x00000000d5550000)
  eden space 67264K,   0% used [0x00000000c0000000, 0x00000000c0000000, 0x00000000c41b0000)
  from space 8384K,  93% used [0x00000000c41b0000, 0x00000000c4954500, 0x00000000c49e0000)
  to   space 8384K,   0% used [0x00000000c49e0000, 0x00000000c49e0000, 0x00000000c5210000)
 tenured generation   total 167968K, used 161419K [0x00000000d5550000, 0x00000000df958000, 0x0000000100000000)
   the space 167968K,  96% used [0x00000000d5550000, 0x00000000df2f2c80, 0x00000000df2f2e00, 0x00000000df958000)
 Metaspace       used 3803K, capacity 4856K, committed 5120K, reserved 1056768K
  class space    used 342K, capacity 424K, committed 512K, reserved 1048576K
}
Event: 5.881 GC heap before
{Heap before GC invocations=54 (full 5):
 def new generation   total 75648K, used 75089K [0x00000000c0000000, 0x00000000c5210000, 0x00000000d5550000)
  eden space 67264K, 100% used [0x00000000c0000000, 0x00000000c41b0000, 0x00000000c41b0000)
  from space 8384K,  93% used [0x00000000c41b0000, 0x00000000c4954500, 0x00000000c49e0000)
  to   space 8384K,   0% used [0x00000000c49e0000, 0x00000000c49e0000, 0x00000000c5210000)
 tenured generation   total 167968K, used 161419K [0x00000000d5550000, 0x00000000df958000, 0x0000000100000000)
   the space 167968K,  96% used [0x00000000d5550000, 0x00000000df2f2c80, 0x00000000df2f2e00, 0x00000000df958000)
 Metaspace       used 3803K, capacity 4856K, committed 5120K, reserved 1056768K
  class space    used 342K, capacity 424K, committed 512K, reserved 1048576K
Event: 6.530 GC heap after
Heap after GC invocations=55 (full 6):
 def new generation   total 127040K, used 7758K [0x00000000c0000000, 0x00000000c89d0000, 0x00000000d5550000)
  eden space 112960K,   6% used [0x00000000c0000000, 0x00000000c0793810, 0x00000000c6e50000)
  from space 14080K,   0% used [0x00000000c6e50000, 0x00000000c6e50000, 0x00000000c7c10000)
  to   space 14080K,   0% used [0x00000000c7c10000, 0x00000000c7c10000, 0x00000000c89d0000)
 tenured generation   total 282188K, used 169312K [0x00000000d5550000, 0x00000000e68e3000, 0x0000000100000000)
   the space 282188K,  59% used [0x00000000d5550000, 0x00000000dfaa8000, 0x00000000dfaa8000, 0x00000000e68e3000)
 Metaspace       used 3803K, capacity 4856K, committed 5120K, reserved 1056768K
  class space    used 342K, capacity 424K, committed 512K, reserved 1048576K
}
Event: 6.704 GC heap before
{Heap before GC invocations=55 (full 6):
 def new generation   total 127040K, used 112960K [0x00000000c0000000, 0x00000000c89d0000, 0x00000000d5550000)
  eden space 112960K, 100% used [0x00000000c0000000, 0x00000000c6e50000, 0x00000000c6e50000)
  from space 14080K,   0% used [0x00000000c6e50000, 0x00000000c6e50000, 0x00000000c7c10000)
  to   space 14080K,   0% used [0x00000000c7c10000, 0x00000000c7c10000, 0x00000000c89d0000)
 tenured generation   total 282188K, used 169312K [0x00000000d5550000, 0x00000000e68e3000, 0x0000000100000000)
   the space 282188K,  59% used [0x00000000d5550000, 0x00000000dfaa8000, 0x00000000dfaa8000, 0x00000000e68e3000)
 Metaspace       used 3803K, capacity 4856K, committed 5120K, reserved 1056768K
  class space    used 342K, capacity 424K, committed 512K, reserved 1048576K
Event: 6.894 GC heap after
Heap after GC invocations=56 (full 6):
 def new generation   total 127040K, used 14079K [0x00000000c0000000, 0x00000000c89d0000, 0x00000000d5550000)
  eden space 112960K,   0% used [0x00000000c0000000, 0x00000000c0000000, 0x00000000c6e50000)
  from space 14080K,  99% used [0x00000000c7c10000, 0x00000000c89cfff8, 0x00000000c89d0000)
  to   space 14080K,   0% used [0x00000000c6e50000, 0x00000000c6e50000, 0x00000000c7c10000)
 tenured generation   total 282188K, used 175230K [0x00000000d5550000, 0x00000000e68e3000, 0x0000000100000000)
   the space 282188K,  62% used [0x00000000d5550000, 0x00000000e006f818, 0x00000000e006fa00, 0x00000000e68e3000)
 Metaspace       used 3803K, capacity 4856K, committed 5120K, reserved 1056768K
  class space    used 342K, capacity 424K, committed 512K, reserved 1048576K
}
Event: 7.172 GC heap before
{Heap before GC invocations=56 (full 6):
 def new generation   total 127040K, used 127039K [0x00000000c0000000, 0x00000000c89d0000, 0x00000000d5550000)
  eden space 112960K, 100% used [0x00000000c0000000, 0x00000000c6e50000, 0x00000000c6e50000)
  from space 14080K,  99% used [0x00000000c7c10000, 0x00000000c89cfff8, 0x00000000c89d0000)
  to   space 14080K,   0% used [0x00000000c6e50000, 0x00000000c6e50000, 0x00000000c7c10000)
 tenured generation   total 282188K, used 175230K [0x00000000d5550000, 0x00000000e68e3000, 0x0000000100000000)
   the space 282188K,  62% used [0x00000000d5550000, 0x00000000e006f818, 0x00000000e006fa00, 0x00000000e68e3000)
 Metaspace       used 3804K, capacity 4856K, committed 5120K, reserved 1056768K
  class space    used 342K, capacity 424K, committed 512K, reserved 1048576K
Event: 7.257 GC heap after
Heap after GC invocations=57 (full 6):
 def new generation   total 127040K, used 10723K [0x00000000c0000000, 0x00000000c89d0000, 0x00000000d5550000)
  eden space 112960K,   0% used [0x00000000c0000000, 0x00000000c0000000, 0x00000000c6e50000)
  from space 14080K,  76% used [0x00000000c6e50000, 0x00000000c78c8ee8, 0x00000000c7c10000)
  to   space 14080K,   0% used [0x00000000c7c10000, 0x00000000c7c10000, 0x00000000c89d0000)
 tenured generation   total 282188K, used 189309K [0x00000000d5550000, 0x00000000e68e3000, 0x0000000100000000)
   the space 282188K,  67% used [0x00000000d5550000, 0x00000000e0e2f6b0, 0x00000000e0e2f800, 0x00000000e68e3000)
 Metaspace       used 3804K, capacity 4856K, committed 5120K, reserved 1056768K
  class space    used 342K, capacity 424K, committed 512K, reserved 1048576K
}
Event: 7.562 GC heap before
{Heap before GC invocations=57 (full 6):
 def new generation   total 127040K, used 123683K [0x00000000c0000000, 0x00000000c89d0000, 0x00000000d5550000)
  eden space 112960K, 100% used [0x00000000c0000000, 0x00000000c6e50000, 0x00000000c6e50000)
  from space 14080K,  76% used [0x00000000c6e50000, 0x00000000c78c8ee8, 0x00000000c7c10000)
  to   space 14080K,   0% used [0x00000000c7c10000, 0x00000000c7c10000, 0x00000000c89d0000)
 tenured generation   total 282188K, used 189309K [0x00000000d5550000, 0x00000000e68e3000, 0x0000000100000000)
   the space 282188K,  67% used [0x00000000d5550000, 0x00000000e0e2f6b0, 0x00000000e0e2f800, 0x00000000e68e3000)
 Metaspace       used 3814K, capacity 4856K, committed 5120K, reserved 1056768K
  class space    used 342K, capacity 424K, committed 512K, reserved 1048576K
Event: 7.681 GC heap after
Heap after GC invocations=58 (full 6):
 def new generation   total 127040K, used 12471K [0x00000000c0000000, 0x00000000c89d0000, 0x00000000d5550000)
  eden space 112960K,   0% used [0x00000000c0000000, 0x00000000c0000000, 0x00000000c6e50000)
  from space 14080K,  88% used [0x00000000c7c10000, 0x00000000c883dcb8, 0x00000000c89d0000)
  to   space 14080K,   0% used [0x00000000c6e50000, 0x00000000c6e50000, 0x00000000c7c10000)
 tenured generation   total 282188K, used 200033K [0x00000000d5550000, 0x00000000e68e3000, 0x0000000100000000)
   the space 282188K,  70% used [0x00000000d5550000, 0x00000000e18a84b8, 0x00000000e18a8600, 0x00000000e68e3000)
 Metaspace       used 3814K, capacity 4856K, committed 5120K, reserved 1056768K
  class space    used 342K, capacity 424K, committed 512K, reserved 1048576K
}
Event: 7.880 GC heap before
{Heap before GC invocations=58 (full 6):
 def new generation   total 127040K, used 125431K [0x00000000c0000000, 0x00000000c89d0000, 0x00000000d5550000)
  eden space 112960K, 100% used [0x00000000c0000000, 0x00000000c6e50000, 0x00000000c6e50000)
  from space 14080K,  88% used [0x00000000c7c10000, 0x00000000c883dcb8, 0x00000000c89d0000)
  to   space 14080K,   0% used [0x00000000c6e50000, 0x00000000c6e50000, 0x00000000c7c10000)
 tenured generation   total 282188K, used 200033K [0x00000000d5550000, 0x00000000e68e3000, 0x0000000100000000)
   the space 282188K,  70% used [0x00000000d5550000, 0x00000000e18a84b8, 0x00000000e18a8600, 0x00000000e68e3000)
 Metaspace       used 3814K, capacity 4856K, committed 5120K, reserved 1056768K
  class space    used 342K, capacity 424K, committed 512K, reserved 1048576K
Event: 7.962 GC heap after
Heap after GC invocations=59 (full 6):
 def new generation   total 127040K, used 12689K [0x00000000c0000000, 0x00000000c89d0000, 0x00000000d5550000)
  eden space 112960K,   0% used [0x00000000c0000000, 0x00000000c0000000, 0x00000000c6e50000)
  from space 14080K,  90% used [0x00000000c6e50000, 0x00000000c7ab47d8, 0x00000000c7c10000)
  to   space 14080K,   0% used [0x00000000c7c10000, 0x00000000c7c10000, 0x00000000c89d0000)
 tenured generation   total 282188K, used 212488K [0x00000000d5550000, 0x00000000e68e3000, 0x0000000100000000)
   the space 282188K,  75% used [0x00000000d5550000, 0x00000000e24d2088, 0x00000000e24d2200, 0x00000000e68e3000)
 Metaspace       used 3814K, capacity 4856K, committed 5120K, reserved 1056768K
  class space    used 342K, capacity 424K, committed 512K, reserved 1048576K
}
Event: 8.165 GC heap before
{Heap before GC invocations=59 (full 6):
 def new generation   total 127040K, used 125649K [0x00000000c0000000, 0x00000000c89d0000, 0x00000000d5550000)
  eden space 112960K, 100% used [0x00000000c0000000, 0x00000000c6e50000, 0x00000000c6e50000)
  from space 14080K,  90% used [0x00000000c6e50000, 0x00000000c7ab47d8, 0x00000000c7c10000)
  to   space 14080K,   0% used [0x00000000c7c10000, 0x00000000c7c10000, 0x00000000c89d0000)
 tenured generation   total 282188K, used 212488K [0x00000000d5550000, 0x00000000e68e3000, 0x0000000100000000)
   the space 282188K,  75% used [0x00000000d5550000, 0x00000000e24d2088, 0x00000000e24d2200, 0x00000000e68e3000)
 Metaspace       used 3814K, capacity 4856K, committed 5120K, reserved 1056768K
  class space    used 342K, capacity 424K, committed 512K, reserved 1048576K
Event: 8.222 GC heap after
Heap after GC invocations=60 (full 6):
 def new generation   total 127040K, used 12841K [0x00000000c0000000, 0x00000000c89d0000, 0x00000000d5550000)
  eden space 112960K,   0% used [0x00000000c0000000, 0x00000000c0000000, 0x00000000c6e50000)
  from space 14080K,  91% used [0x00000000c7c10000, 0x00000000c889a640, 0x00000000c89d0000)
  to   space 14080K,   0% used [0x00000000c6e50000, 0x00000000c6e50000, 0x00000000c7c10000)
 tenured generation   total 282188K, used 225145K [0x00000000d5550000, 0x00000000e68e3000, 0x0000000100000000)
   the space 282188K,  79% used [0x00000000d5550000, 0x00000000e312e758, 0x00000000e312e800, 0x00000000e68e3000)
 Metaspace       used 3814K, capacity 4856K, committed 5120K, reserved 1056768K
  class space    used 342K, capacity 424K, committed 512K, reserved 1048576K
}
Event: 8.421 GC heap before
{Heap before GC invocations=60 (full 6):
 def new generation   total 127040K, used 125801K [0x00000000c0000000, 0x00000000c89d0000, 0x00000000d5550000)
  eden space 112960K, 100% used [0x00000000c0000000, 0x00000000c6e50000, 0x00000000c6e50000)
  from space 14080K,  91% used [0x00000000c7c10000, 0x00000000c889a640, 0x00000000c89d0000)
  to   space 14080K,   0% used [0x00000000c6e50000, 0x00000000c6e50000, 0x00000000c7c10000)
 tenured generation   total 282188K, used 225145K [0x00000000d5550000, 0x00000000e68e3000, 0x0000000100000000)
   the space 282188K,  79% used [0x00000000d5550000, 0x00000000e312e758, 0x00000000e312e800, 0x00000000e68e3000)
 Metaspace       used 3814K, capacity 4856K, committed 5120K, reserved 1056768K
  class space    used 342K, capacity 424K, committed 512K, reserved 1048576K
Event: 8.498 GC heap after
Heap after GC invocations=61 (full 6):
 def new generation   total 127040K, used 12883K [0x00000000c0000000, 0x00000000c89d0000, 0x00000000d5550000)
  eden space 112960K,   0% used [0x00000000c0000000, 0x00000000c0000000, 0x00000000c6e50000)
  from space 14080K,  91% used [0x00000000c6e50000, 0x00000000c7ae4f68, 0x00000000c7c10000)
  to   space 14080K,   0% used [0x00000000c7c10000, 0x00000000c7c10000, 0x00000000c89d0000)
 tenured generation   total 282188K, used 237923K [0x00000000d5550000, 0x00000000e68e3000, 0x0000000100000000)
   the space 282188K,  84% used [0x00000000d5550000, 0x00000000e3da8ca0, 0x00000000e3da8e00, 0x00000000e68e3000)
 Metaspace       used 3814K, capacity 4856K, committed 5120K, reserved 1056768K
  class space    used 342K, capacity 424K, committed 512K, reserved 1048576K
}
Event: 8.687 GC heap before
{Heap before GC invocations=61 (full 6):
 def new generation   total 127040K, used 125843K [0x00000000c0000000, 0x00000000c89d0000, 0x00000000d5550000)
  eden space 112960K, 100% used [0x00000000c0000000, 0x00000000c6e50000, 0x00000000c6e50000)
  from space 14080K,  91% used [0x00000000c6e50000, 0x00000000c7ae4f68, 0x00000000c7c10000)
  to   space 14080K,   0% used [0x00000000c7c10000, 0x00000000c7c10000, 0x00000000c89d0000)
 tenured generation   total 282188K, used 237923K [0x00000000d5550000, 0x00000000e68e3000, 0x0000000100000000)
   the space 282188K,  84% used [0x00000000d5550000, 0x00000000e3da8ca0, 0x00000000e3da8e00, 0x00000000e68e3000)
 Metaspace       used 3814K, capacity 4856K, committed 5120K, reserved 1056768K
  class space    used 342K, capacity 424K, committed 512K, reserved 1048576K
Event: 8.746 GC heap after
Heap after GC invocations=62 (full 6):
 def new generation   total 127040K, used 12799K [0x00000000c0000000, 0x00000000c89d0000, 0x00000000d5550000)
  eden space 112960K,   0% used [0x00000000c0000000, 0x00000000c0000000, 0x00000000c6e50000)
  from space 14080K,  90% used [0x00000000c7c10000, 0x00000000c888fc48, 0x00000000c89d0000)
  to   space 14080K,   0% used [0x00000000c6e50000, 0x00000000c6e50000, 0x00000000c7c10000)
 tenured generation   total 282188K, used 250806K [0x00000000d5550000, 0x00000000e68e3000, 0x0000000100000000)
   the space 282188K,  88% used [0x00000000d5550000, 0x00000000e4a3db68, 0x00000000e4a3dc00, 0x00000000e68e3000)
 Metaspace       used 3814K, capacity 4856K, committed 5120K, reserved 1056768K
  class space    used 342K, capacity 424K, committed 512K, reserved 1048576K
}
Event: 8.927 GC heap before
{Heap before GC invocations=62 (full 6):
 def new generation   total 127040K, used 125759K [0x00000000c0000000, 0x00000000c89d0000, 0x00000000d5550000)
  eden space 112960K, 100% used [0x00000000c0000000, 0x00000000c6e50000, 0x00000000c6e50000)
  from space 14080K,  90% used [0x00000000c7c10000, 0x00000000c888fc48, 0x00000000c89d0000)
  to   space 14080K,   0% used [0x00000000c6e50000, 0x00000000c6e50000, 0x00000000c7c10000)
 tenured generation   total 282188K, used 250806K [0x00000000d5550000, 0x00000000e68e3000, 0x0000000100000000)
   the space 282188K,  88% used [0x00000000d5550000, 0x00000000e4a3db68, 0x00000000e4a3dc00, 0x00000000e68e3000)
 Metaspace       used 3814K, capacity 4856K, committed 5120K, reserved 1056768K
  class space    used 342K, capacity 424K, committed 512K, reserved 1048576K
Event: 9.022 GC heap after
Heap after GC invocations=63 (full 6):
 def new generation   total 127040K, used 13082K [0x00000000c0000000, 0x00000000c89d0000, 0x00000000d5550000)
  eden space 112960K,   0% used [0x00000000c0000000, 0x00000000c0000000, 0x00000000c6e50000)
  from space 14080K,  92% used [0x00000000c6e50000, 0x00000000c7b168c8, 0x00000000c7c10000)
  to   space 14080K,   0% used [0x00000000c7c10000, 0x00000000c7c10000, 0x00000000c89d0000)
 tenured generation   total 282188K, used 263605K [0x00000000d5550000, 0x00000000e68e3000, 0x0000000100000000)
   the space 282188K,  93% used [0x00000000d5550000, 0x00000000e56bd6e0, 0x00000000e56bd800, 0x00000000e68e3000)
 Metaspace       used 3814K, capacity 4856K, committed 5120K, reserved 1056768K
  class space    used 342K, capacity 424K, committed 512K, reserved 1048576K
}
Event: 9.201 GC heap before
{Heap before GC invocations=63 (full 6):
 def new generation   total 127040K, used 126042K [0x00000000c0000000, 0x00000000c89d0000, 0x00000000d5550000)
  eden space 112960K, 100% used [0x00000000c0000000, 0x00000000c6e50000, 0x00000000c6e50000)
  from space 14080K,  92% used [0x00000000c6e50000, 0x00000000c7b168c8, 0x00000000c7c10000)
  to   space 14080K,   0% used [0x00000000c7c10000, 0x00000000c7c10000, 0x00000000c89d0000)
 tenured generation   total 282188K, used 263605K [0x00000000d5550000, 0x00000000e68e3000, 0x0000000100000000)
   the space 282188K,  93% used [0x00000000d5550000, 0x00000000e56bd6e0, 0x00000000e56bd800, 0x00000000e68e3000)
 Metaspace       used 3814K, capacity 4856K, committed 5120K, reserved 1056768K
  class space    used 342K, capacity 424K, committed 512K, reserved 1048576K
Event: 9.281 GC heap after
Heap after GC invocations=64 (full 6):
 def new generation   total 127040K, used 12885K [0x00000000c0000000, 0x00000000c89d0000, 0x00000000d5550000)
  eden space 112960K,   0% used [0x00000000c0000000, 0x00000000c0000000, 0x00000000c6e50000)
  from space 14080K,  91% used [0x00000000c7c10000, 0x00000000c88a5438, 0x00000000c89d0000)
  to   space 14080K,   0% used [0x00000000c6e50000, 0x00000000c6e50000, 0x00000000c7c10000)
 tenured generation   total 282188K, used 276687K [0x00000000d5550000, 0x00000000e68e3000, 0x0000000100000000)
   the space 282188K,  98% used [0x00000000d5550000, 0x00000000e6383ed8, 0x00000000e6384000, 0x00000000e68e3000)
 Metaspace       used 3814K, capacity 4856K, committed 5120K, reserved 1056768K
  class space    used 342K, capacity 424K, committed 512K, reserved 1048576K
}
Event: 9.471 GC heap before
{Heap before GC invocations=64 (full 6):
 def new generation   total 127040K, used 125845K [0x00000000c0000000, 0x00000000c89d0000, 0x00000000d5550000)
  eden space 112960K, 100% used [0x00000000c0000000, 0x00000000c6e50000, 0x00000000c6e50000)
  from space 14080K,  91% used [0x00000000c7c10000, 0x00000000c88a5438, 0x00000000c89d0000)
  to   space 14080K,   0% used [0x00000000c6e50000, 0x00000000c6e50000, 0x00000000c7c10000)
 tenured generation   total 282188K, used 276687K [0x00000000d5550000, 0x00000000e68e3000, 0x0000000100000000)
   the space 282188K,  98% used [0x00000000d5550000, 0x00000000e6383ed8, 0x00000000e6384000, 0x00000000e68e3000)
 Metaspace       used 3814K, capacity 4856K, committed 5120K, reserved 1056768K
  class space    used 342K, capacity 424K, committed 512K, reserved 1048576K

